{"numTotalTestSuites":12,"numPassedTestSuites":12,"numFailedTestSuites":0,"numPendingTestSuites":0,"numTotalTests":41,"numPassedTests":41,"numFailedTests":0,"numPendingTests":0,"numTodoTests":0,"snapshot":{"added":0,"failure":false,"filesAdded":0,"filesRemoved":0,"filesRemovedList":[],"filesUnmatched":0,"filesUpdated":0,"matched":0,"total":0,"unchecked":0,"uncheckedKeysByFile":[],"unmatched":0,"updated":0,"didUpdate":false},"startTime":1789967346923,"success":true,"testResults":[{"assertionResults":[{"ancestorTitles":["company + service administration through the real HTTP server"],"fullName":"company + service administration through the real HTTP server protects administrator/company APIs with ordinary session and separate admin authority","status":"passed","title":"protects administrator/company APIs with ordinary session and separate admin authority","duration":49.43112499999961,"failureMessages":[],"meta":{},"tags":[]},{"ancestorTitles":["company + service administration through the real HTTP server"],"fullName":"company + service administration through the real HTTP server logs in only this admin session and creates a single host company","status":"passed","title":"logs in only this admin session and creates a single host company","duration":202.36266700000033,"failureMessages":[],"meta":{},"tags":[]},{"ancestorTitles":["company + service administration through the real HTTP server"],"fullName":"company + service administration through the real HTTP server redeems one-use invitations without inheriting service administration","status":"passed","title":"redeems one-use invitations without inheriting service administration","duration":682.527666,"failureMessages":[],"meta":{},"tags":[]},{"ancestorTitles":["company + service administration through the real HTTP server"],"fullName":"company + service administration through the real HTTP server enforces private and shared revision access through actual routes","status":"passed","title":"enforces private and shared revision access through actual routes","duration":27.543333000000075,"failureMessages":[],"meta":{},"tags":[]},{"ancestorTitles":["company + service administration through the real HTTP server"],"fullName":"company + service administration through the real HTTP server preserves member sessions across service restart while revoking admin sessions","status":"passed","title":"preserves member sessions across service restart while revoking admin sessions","duration":338.1090830000003,"failureMessages":[],"meta":{},"tags":[]},{"ancestorTitles":["company + service administration through the real HTTP server"],"fullName":"company + service administration through the real HTTP server does not let service administration impersonate the owner or invalidate their session","status":"passed","title":"does not let service administration impersonate the owner or invalidate their session","duration":74.94020899999987,"failureMessages":[],"meta":{},"tags":[]},{"ancestorTitles":["company + service administration through the real HTTP server"],"fullName":"company + service administration through the real HTTP server reports damaged shared work as recovery through the full local HTTP boundary","status":"passed","title":"reports damaged shared work as recovery through the full local HTTP boundary","duration":54.26025000000027,"failureMessages":[],"meta":{},"tags":[]},{"ancestorTitles":["company + service administration through the real HTTP server"],"fullName":"company + service administration through the real HTTP server requires service entitlement for paid work while allowing records and revocation","status":"passed","title":"requires service entitlement for paid work while allowing records and revocation","duration":22.11195799999996,"failureMessages":[],"meta":{},"tags":[]}],"startTime":1789967356278,"endTime":1789967357729.112,"status":"passed","message":"","name":"/Users/yoda/projects/RealBud/server/company-host.test.ts"},{"assertionResults":[{"ancestorTitles":["department recovery on real PostgreSQL"],"fullName":"department recovery on real PostgreSQL resolves the read-only holder departure deadlock, preserves the note and never restores the old claim","status":"passed","title":"resolves the read-only holder departure deadlock, preserves the note and never restores the old claim","duration":50.857124999999996,"failureMessages":[],"meta":{},"tags":[]},{"ancestorTitles":["department recovery on real PostgreSQL"],"fullName":"department recovery on real PostgreSQL refuses live claims, admits expired claims only after review, and preserves idempotency after new work starts","status":"passed","title":"refuses live claims, admits expired claims only after review, and preserves idempotency after new work starts","duration":28.886332999999922,"failureMessages":[],"meta":{},"tags":[]},{"ancestorTitles":["department recovery on real PostgreSQL"],"fullName":"department recovery on real PostgreSQL serializes concurrent decisions across kernels and rejects stale fence decisions without changing the winner","status":"passed","title":"serializes concurrent decisions across kernels and rejects stale fence decisions without changing the winner","duration":16.745042000000012,"failureMessages":[],"meta":{},"tags":[]},{"ancestorTitles":["department recovery on real PostgreSQL"],"fullName":"department recovery on real PostgreSQL never exposes a foreign office, private scope, unrelated reviewed handoff or no-access department","status":"passed","title":"never exposes a foreign office, private scope, unrelated reviewed handoff or no-access department","duration":32.47008299999993,"failureMessages":[],"meta":{},"tags":[]},{"ancestorTitles":["department recovery on real PostgreSQL"],"fullName":"department recovery on real PostgreSQL makes removed-member claims reviewable and checks current owner authority even for a replay","status":"passed","title":"makes removed-member claims reviewable and checks current owner authority even for a replay","duration":19.471000000000004,"failureMessages":[],"meta":{},"tags":[]},{"ancestorTitles":["department recovery on real PostgreSQL"],"fullName":"department recovery on real PostgreSQL fences the previous owner’s implicit department claims immediately on ownership transfer, retaining explicit grants","status":"passed","title":"fences the previous owner’s implicit department claims immediately on ownership transfer, retaining explicit grants","duration":28.701416999999992,"failureMessages":[],"meta":{},"tags":[]},{"ancestorTitles":["department recovery on real PostgreSQL"],"fullName":"department recovery on real PostgreSQL pages all case records, rejects invalid input, and cannot recover ordinary open or settled cases","status":"passed","title":"pages all case records, rejects invalid input, and cannot recover ordinary open or settled cases","duration":38.3101250000002,"failureMessages":[],"meta":{},"tags":[]}],"startTime":1789967348053,"endTime":1789967348269.31,"status":"passed","message":"","name":"/Users/yoda/projects/RealBud/server/company/department-recovery.integration.test.ts"},{"assertionResults":[{"ancestorTitles":["department API over pinned office TLS"],"fullName":"department API over pinned office TLS authenticates, validates and persists department access across the reviewed LAN routes","status":"passed","title":"authenticates, validates and persists department access across the reviewed LAN routes","duration":52.34933299999989,"failureMessages":[],"meta":{},"tags":[]},{"ancestorTitles":["department API over pinned office TLS"],"fullName":"department API over pinned office TLS serves bounded case review and owner recovery over the authenticated TLS allowlist","status":"passed","title":"serves bounded case review and owner recovery over the authenticated TLS allowlist","duration":69.85112499999991,"failureMessages":[],"meta":{},"tags":[]}],"startTime":1789967349659,"endTime":1789967349780.851,"status":"passed","message":"","name":"/Users/yoda/projects/RealBud/server/company/departments-transport.integration.test.ts"},{"assertionResults":[{"ancestorTitles":["explicit departments on real PostgreSQL"],"fullName":"explicit departments on real PostgreSQL lists only explicit departments and never exposes other offices or unrelated shared review scopes","status":"passed","title":"lists only explicit departments and never exposes other offices or unrelated shared review scopes","duration":44.328250000000025,"failureMessages":[],"meta":{},"tags":[]},{"ancestorTitles":["explicit departments on real PostgreSQL"],"fullName":"explicit departments on real PostgreSQL creates once after a lost response and rejects conflicting reuse and duplicate names","status":"passed","title":"creates once after a lost response and rejects conflicting reuse and duplicate names","duration":6.788375000000087,"failureMessages":[],"meta":{},"tags":[]},{"ancestorTitles":["explicit departments on real PostgreSQL"],"fullName":"explicit departments on real PostgreSQL enforces read-only then write then removal against real department records","status":"passed","title":"enforces read-only then write then removal against real department records","duration":18.747499999999945,"failureMessages":[],"meta":{},"tags":[]},{"ancestorTitles":["explicit departments on real PostgreSQL"],"fullName":"explicit departments on real PostgreSQL rejects simultaneous stale access edits and generic grant bypasses","status":"passed","title":"rejects simultaneous stale access edits and generic grant bypasses","duration":9.190541999999823,"failureMessages":[],"meta":{},"tags":[]},{"ancestorTitles":["explicit departments on real PostgreSQL"],"fullName":"explicit departments on real PostgreSQL binds management and implicit access to the current office owner without transferring private scopes","status":"passed","title":"binds management and implicit access to the current office owner without transferring private scopes","duration":16.419583999999986,"failureMessages":[],"meta":{},"tags":[]},{"ancestorTitles":["explicit departments on real PostgreSQL"],"fullName":"explicit departments on real PostgreSQL rejects revoked and foreign members and immediately holds work after edit access is removed","status":"passed","title":"rejects revoked and foreign members and immediately holds work after edit access is removed","duration":23.888334000000214,"failureMessages":[],"meta":{},"tags":[]},{"ancestorTitles":["explicit departments on real PostgreSQL"],"fullName":"explicit departments on real PostgreSQL paginates current members without silently excluding large offices","status":"passed","title":"paginates current members without silently excluding large offices","duration":19.909999999999854,"failureMessages":[],"meta":{},"tags":[]}],"startTime":1789967351358,"endTime":1789967351496.91,"status":"passed","message":"","name":"/Users/yoda/projects/RealBud/server/company/departments.integration.test.ts"},{"assertionResults":[{"ancestorTitles":["membership lifecycle on real PostgreSQL"],"fullName":"membership lifecycle on real PostgreSQL restricts management and offers to this office owner","status":"passed","title":"restricts management and offers to this office owner","duration":22.007000000000062,"failureMessages":[],"meta":{},"tags":[]},{"ancestorTitles":["membership lifecycle on real PostgreSQL"],"fullName":"membership lifecycle on real PostgreSQL requires recipient acceptance, changes authority atomically and preserves private scopes","status":"passed","title":"requires recipient acceptance, changes authority atomically and preserves private scopes","duration":14.740124999999807,"failureMessages":[],"meta":{},"tags":[]},{"ancestorTitles":["membership lifecycle on real PostgreSQL"],"fullName":"membership lifecycle on real PostgreSQL denies cancelled, expired and revoked-recipient transfers","status":"passed","title":"denies cancelled, expired and revoked-recipient transfers","duration":8.803499999999985,"failureMessages":[],"meta":{},"tags":[]},{"ancestorTitles":["membership lifecycle on real PostgreSQL"],"fullName":"membership lifecycle on real PostgreSQL serializes owner acceptance against revocation without leaving two owners or a revoked owner","status":"passed","title":"serializes owner acceptance against revocation without leaving two owners or a revoked owner","duration":7.673416999999972,"failureMessages":[],"meta":{},"tags":[]},{"ancestorTitles":["membership lifecycle on real PostgreSQL"],"fullName":"membership lifecycle on real PostgreSQL serializes departure against new shared work so a successful write cannot be orphaned","status":"passed","title":"serializes departure against new shared work so a successful write cannot be orphaned","duration":6.942166999999927,"failureMessages":[],"meta":{},"tags":[]},{"ancestorTitles":["membership lifecycle on real PostgreSQL"],"fullName":"membership lifecycle on real PostgreSQL blocks unresolved shared work, then revokes every session and records a private departure receipt","status":"passed","title":"blocks unresolved shared work, then revokes every session and records a private departure receipt","duration":14.894125000000031,"failureMessages":[],"meta":{},"tags":[]}],"startTime":1789967353311,"endTime":1789967353385.894,"status":"passed","message":"","name":"/Users/yoda/projects/RealBud/server/company/membership.integration.test.ts"},{"assertionResults":[{"ancestorTitles":["company shared work items on PostgreSQL"],"fullName":"company shared work items on PostgreSQL shares only to named recipients and leaves private knowledge untouched","status":"passed","title":"shares only to named recipients and leaves private knowledge untouched","duration":53.897082999999995,"failureMessages":[],"meta":{},"tags":[]},{"ancestorTitles":["company shared work items on PostgreSQL"],"fullName":"company shared work items on PostgreSQL retains readable legacy work, upgrades it on an explicit action, and rejects another company","status":"passed","title":"retains readable legacy work, upgrades it on an explicit action, and rejects another company","duration":19.32691600000001,"failureMessages":[],"meta":{},"tags":[]},{"ancestorTitles":["company shared work items on PostgreSQL"],"fullName":"company shared work items on PostgreSQL pages immutable history and does not let a non-assigned audience member provide the named review","status":"passed","title":"pages immutable history and does not let a non-assigned audience member provide the named review","duration":60.886041000000006,"failureMessages":[],"meta":{},"tags":[]},{"ancestorTitles":["company shared work items on PostgreSQL"],"fullName":"company shared work items on PostgreSQL replays identical requests, rejects collisions and stale replies, and closes in-band","status":"passed","title":"replays identical requests, rejects collisions and stale replies, and closes in-band","duration":22.603165999999987,"failureMessages":[],"meta":{},"tags":[]},{"ancestorTitles":["company shared work items on PostgreSQL"],"fullName":"company shared work items on PostgreSQL drops visibility when grants are removed or the recipient is revoked","status":"passed","title":"drops visibility when grants are removed or the recipient is revoked","duration":18.738167000000033,"failureMessages":[],"meta":{},"tags":[]},{"ancestorTitles":["company shared work items on PostgreSQL"],"fullName":"company shared work items on PostgreSQL reports current viewer actions and refuses a stale writer after a read-only downgrade","status":"passed","title":"reports current viewer actions and refuses a stale writer after a read-only downgrade","duration":15.322125000000028,"failureMessages":[],"meta":{},"tags":[]},{"ancestorTitles":["company shared work items on PostgreSQL"],"fullName":"company shared work items on PostgreSQL pages within the chosen audience without hiding older open work behind sent items","status":"passed","title":"pages within the chosen audience without hiding older open work behind sent items","duration":38.938207999999975,"failureMessages":[],"meta":{},"tags":[]},{"ancestorTitles":["company shared work items on PostgreSQL"],"fullName":"company shared work items on PostgreSQL reports damaged shared records instead of silently showing an empty list","status":"passed","title":"reports damaged shared records instead of silently showing an empty list","duration":7.792875000000038,"failureMessages":[],"meta":{},"tags":[]},{"ancestorTitles":["company shared work items on PostgreSQL"],"fullName":"company shared work items on PostgreSQL does not let generic case APIs alias shared work or turn a review into a worker claim","status":"passed","title":"does not let generic case APIs alias shared work or turn a review into a worker claim","duration":12.245624999999961,"failureMessages":[],"meta":{},"tags":[]},{"ancestorTitles":["company shared work items on PostgreSQL"],"fullName":"company shared work items on PostgreSQL preserves the exact reviewed whitespace and canonicalizes UUID casing","status":"passed","title":"preserves the exact reviewed whitespace and canonicalizes UUID casing","duration":4.504125000000045,"failureMessages":[],"meta":{},"tags":[]},{"ancestorTitles":["company shared work items on PostgreSQL"],"fullName":"company shared work items on PostgreSQL handles overlapping recipients and revocation, then replays a saved request with its reduced audience","status":"passed","title":"handles overlapping recipients and revocation, then replays a saved request with its reduced audience","duration":8.641583999999966,"failureMessages":[],"meta":{},"tags":[]}],"startTime":1789967353729,"endTime":1789967353991.6416,"status":"passed","message":"","name":"/Users/yoda/projects/RealBud/server/company/work-items.integration.test.ts"}]}