{"numTotalTestSuites":10,"numPassedTestSuites":10,"numFailedTestSuites":0,"numPendingTestSuites":0,"numTotalTests":33,"numPassedTests":33,"numFailedTests":0,"numPendingTests":0,"numTodoTests":0,"snapshot":{"added":0,"failure":false,"filesAdded":0,"filesRemoved":0,"filesRemovedList":[],"filesUnmatched":0,"filesUpdated":0,"matched":0,"total":0,"unchecked":0,"uncheckedKeysByFile":[],"unmatched":0,"updated":0,"didUpdate":false},"startTime":1789966702987,"success":true,"testResults":[{"assertionResults":[{"ancestorTitles":["department recovery on real PostgreSQL"],"fullName":"department recovery on real PostgreSQL resolves the read-only holder departure deadlock, preserves the note and never restores the old claim","status":"passed","title":"resolves the read-only holder departure deadlock, preserves the note and never restores the old claim","duration":47.123333,"failureMessages":[],"meta":{},"tags":[]},{"ancestorTitles":["department recovery on real PostgreSQL"],"fullName":"department recovery on real PostgreSQL refuses live claims, admits expired claims only after review, and preserves idempotency after new work starts","status":"passed","title":"refuses live claims, admits expired claims only after review, and preserves idempotency after new work starts","duration":26.831875000000082,"failureMessages":[],"meta":{},"tags":[]},{"ancestorTitles":["department recovery on real PostgreSQL"],"fullName":"department recovery on real PostgreSQL serializes concurrent decisions across kernels and rejects stale fence decisions without changing the winner","status":"passed","title":"serializes concurrent decisions across kernels and rejects stale fence decisions without changing the winner","duration":17.41295799999989,"failureMessages":[],"meta":{},"tags":[]},{"ancestorTitles":["department recovery on real PostgreSQL"],"fullName":"department recovery on real PostgreSQL never exposes a foreign office, private scope, unrelated reviewed handoff or no-access department","status":"passed","title":"never exposes a foreign office, private scope, unrelated reviewed handoff or no-access department","duration":31.292707999999948,"failureMessages":[],"meta":{},"tags":[]},{"ancestorTitles":["department recovery on real PostgreSQL"],"fullName":"department recovery on real PostgreSQL makes removed-member claims reviewable and checks current owner authority even for a replay","status":"passed","title":"makes removed-member claims reviewable and checks current owner authority even for a replay","duration":19.742332999999917,"failureMessages":[],"meta":{},"tags":[]},{"ancestorTitles":["department recovery on real PostgreSQL"],"fullName":"department recovery on real PostgreSQL fences the previous owner’s implicit department claims immediately on ownership transfer, retaining explicit grants","status":"passed","title":"fences the previous owner’s implicit department claims immediately on ownership transfer, retaining explicit grants","duration":28.30212500000016,"failureMessages":[],"meta":{},"tags":[]},{"ancestorTitles":["department recovery on real PostgreSQL"],"fullName":"department recovery on real PostgreSQL pages all case records, rejects invalid input, and cannot recover ordinary open or settled cases","status":"passed","title":"pages all case records, rejects invalid input, and cannot recover ordinary open or settled cases","duration":40.47733399999993,"failureMessages":[],"meta":{},"tags":[]}],"startTime":1789966703986,"endTime":1789966704197.4773,"status":"passed","message":"","name":"/Users/yoda/projects/RealBud/server/company/department-recovery.integration.test.ts"},{"assertionResults":[{"ancestorTitles":["department API over pinned office TLS"],"fullName":"department API over pinned office TLS authenticates, validates and persists department access across the reviewed LAN routes","status":"passed","title":"authenticates, validates and persists department access across the reviewed LAN routes","duration":53.711791999999946,"failureMessages":[],"meta":{},"tags":[]},{"ancestorTitles":["department API over pinned office TLS"],"fullName":"department API over pinned office TLS serves bounded case review and owner recovery over the authenticated TLS allowlist","status":"passed","title":"serves bounded case review and owner recovery over the authenticated TLS allowlist","duration":66.693667,"failureMessages":[],"meta":{},"tags":[]}],"startTime":1789966705278,"endTime":1789966705398.6936,"status":"passed","message":"","name":"/Users/yoda/projects/RealBud/server/company/departments-transport.integration.test.ts"},{"assertionResults":[{"ancestorTitles":["explicit departments on real PostgreSQL"],"fullName":"explicit departments on real PostgreSQL lists only explicit departments and never exposes other offices or unrelated shared review scopes","status":"passed","title":"lists only explicit departments and never exposes other offices or unrelated shared review scopes","duration":24.752083999999968,"failureMessages":[],"meta":{},"tags":[]},{"ancestorTitles":["explicit departments on real PostgreSQL"],"fullName":"explicit departments on real PostgreSQL creates once after a lost response and rejects conflicting reuse and duplicate names","status":"passed","title":"creates once after a lost response and rejects conflicting reuse and duplicate names","duration":6.608708999999976,"failureMessages":[],"meta":{},"tags":[]},{"ancestorTitles":["explicit departments on real PostgreSQL"],"fullName":"explicit departments on real PostgreSQL enforces read-only then write then removal against real department records","status":"passed","title":"enforces read-only then write then removal against real department records","duration":16.25691699999993,"failureMessages":[],"meta":{},"tags":[]},{"ancestorTitles":["explicit departments on real PostgreSQL"],"fullName":"explicit departments on real PostgreSQL rejects simultaneous stale access edits and generic grant bypasses","status":"passed","title":"rejects simultaneous stale access edits and generic grant bypasses","duration":8.651082999999971,"failureMessages":[],"meta":{},"tags":[]},{"ancestorTitles":["explicit departments on real PostgreSQL"],"fullName":"explicit departments on real PostgreSQL binds management and implicit access to the current office owner without transferring private scopes","status":"passed","title":"binds management and implicit access to the current office owner without transferring private scopes","duration":12.056583000000046,"failureMessages":[],"meta":{},"tags":[]},{"ancestorTitles":["explicit departments on real PostgreSQL"],"fullName":"explicit departments on real PostgreSQL rejects revoked and foreign members and immediately holds work after edit access is removed","status":"passed","title":"rejects revoked and foreign members and immediately holds work after edit access is removed","duration":18.886750000000006,"failureMessages":[],"meta":{},"tags":[]},{"ancestorTitles":["explicit departments on real PostgreSQL"],"fullName":"explicit departments on real PostgreSQL paginates current members without silently excluding large offices","status":"passed","title":"paginates current members without silently excluding large offices","duration":12.841332999999963,"failureMessages":[],"meta":{},"tags":[]}],"startTime":1789966706335,"endTime":1789966706434.8413,"status":"passed","message":"","name":"/Users/yoda/projects/RealBud/server/company/departments.integration.test.ts"},{"assertionResults":[{"ancestorTitles":["membership lifecycle on real PostgreSQL"],"fullName":"membership lifecycle on real PostgreSQL restricts management and offers to this office owner","status":"passed","title":"restricts management and offers to this office owner","duration":19.595958999999993,"failureMessages":[],"meta":{},"tags":[]},{"ancestorTitles":["membership lifecycle on real PostgreSQL"],"fullName":"membership lifecycle on real PostgreSQL requires recipient acceptance, changes authority atomically and preserves private scopes","status":"passed","title":"requires recipient acceptance, changes authority atomically and preserves private scopes","duration":11.097208000000023,"failureMessages":[],"meta":{},"tags":[]},{"ancestorTitles":["membership lifecycle on real PostgreSQL"],"fullName":"membership lifecycle on real PostgreSQL denies cancelled, expired and revoked-recipient transfers","status":"passed","title":"denies cancelled, expired and revoked-recipient transfers","duration":8.690207999999984,"failureMessages":[],"meta":{},"tags":[]},{"ancestorTitles":["membership lifecycle on real PostgreSQL"],"fullName":"membership lifecycle on real PostgreSQL serializes owner acceptance against revocation without leaving two owners or a revoked owner","status":"passed","title":"serializes owner acceptance against revocation without leaving two owners or a revoked owner","duration":6.165708999999993,"failureMessages":[],"meta":{},"tags":[]},{"ancestorTitles":["membership lifecycle on real PostgreSQL"],"fullName":"membership lifecycle on real PostgreSQL serializes departure against new shared work so a successful write cannot be orphaned","status":"passed","title":"serializes departure against new shared work so a successful write cannot be orphaned","duration":6.263041000000044,"failureMessages":[],"meta":{},"tags":[]},{"ancestorTitles":["membership lifecycle on real PostgreSQL"],"fullName":"membership lifecycle on real PostgreSQL blocks unresolved shared work, then revokes every session and records a private departure receipt","status":"passed","title":"blocks unresolved shared work, then revokes every session and records a private departure receipt","duration":10.571416999999997,"failureMessages":[],"meta":{},"tags":[]}],"startTime":1789966707378,"endTime":1789966707440.5715,"status":"passed","message":"","name":"/Users/yoda/projects/RealBud/server/company/membership.integration.test.ts"},{"assertionResults":[{"ancestorTitles":["company shared work items on PostgreSQL"],"fullName":"company shared work items on PostgreSQL shares only to named recipients and leaves private knowledge untouched","status":"passed","title":"shares only to named recipients and leaves private knowledge untouched","duration":39.81620799999999,"failureMessages":[],"meta":{},"tags":[]},{"ancestorTitles":["company shared work items on PostgreSQL"],"fullName":"company shared work items on PostgreSQL retains readable legacy work, upgrades it on an explicit action, and rejects another company","status":"passed","title":"retains readable legacy work, upgrades it on an explicit action, and rejects another company","duration":18.21350000000001,"failureMessages":[],"meta":{},"tags":[]},{"ancestorTitles":["company shared work items on PostgreSQL"],"fullName":"company shared work items on PostgreSQL pages immutable history and does not let a non-assigned audience member provide the named review","status":"passed","title":"pages immutable history and does not let a non-assigned audience member provide the named review","duration":54.81999999999999,"failureMessages":[],"meta":{},"tags":[]},{"ancestorTitles":["company shared work items on PostgreSQL"],"fullName":"company shared work items on PostgreSQL replays identical requests, rejects collisions and stale replies, and closes in-band","status":"passed","title":"replays identical requests, rejects collisions and stale replies, and closes in-band","duration":20.282375000000002,"failureMessages":[],"meta":{},"tags":[]},{"ancestorTitles":["company shared work items on PostgreSQL"],"fullName":"company shared work items on PostgreSQL drops visibility when grants are removed or the recipient is revoked","status":"passed","title":"drops visibility when grants are removed or the recipient is revoked","duration":15.870457999999985,"failureMessages":[],"meta":{},"tags":[]},{"ancestorTitles":["company shared work items on PostgreSQL"],"fullName":"company shared work items on PostgreSQL reports current viewer actions and refuses a stale writer after a read-only downgrade","status":"passed","title":"reports current viewer actions and refuses a stale writer after a read-only downgrade","duration":12.854332999999997,"failureMessages":[],"meta":{},"tags":[]},{"ancestorTitles":["company shared work items on PostgreSQL"],"fullName":"company shared work items on PostgreSQL pages within the chosen audience without hiding older open work behind sent items","status":"passed","title":"pages within the chosen audience without hiding older open work behind sent items","duration":47.46766600000001,"failureMessages":[],"meta":{},"tags":[]},{"ancestorTitles":["company shared work items on PostgreSQL"],"fullName":"company shared work items on PostgreSQL reports damaged shared records instead of silently showing an empty list","status":"passed","title":"reports damaged shared records instead of silently showing an empty list","duration":6.6696660000000065,"failureMessages":[],"meta":{},"tags":[]},{"ancestorTitles":["company shared work items on PostgreSQL"],"fullName":"company shared work items on PostgreSQL does not let generic case APIs alias shared work or turn a review into a worker claim","status":"passed","title":"does not let generic case APIs alias shared work or turn a review into a worker claim","duration":7.635541999999987,"failureMessages":[],"meta":{},"tags":[]},{"ancestorTitles":["company shared work items on PostgreSQL"],"fullName":"company shared work items on PostgreSQL preserves the exact reviewed whitespace and canonicalizes UUID casing","status":"passed","title":"preserves the exact reviewed whitespace and canonicalizes UUID casing","duration":4.524875000000009,"failureMessages":[],"meta":{},"tags":[]},{"ancestorTitles":["company shared work items on PostgreSQL"],"fullName":"company shared work items on PostgreSQL handles overlapping recipients and revocation, then replays a saved request with its reduced audience","status":"passed","title":"handles overlapping recipients and revocation, then replays a saved request with its reduced audience","duration":7.399833000000001,"failureMessages":[],"meta":{},"tags":[]}],"startTime":1789966707733,"endTime":1789966707968.4,"status":"passed","message":"","name":"/Users/yoda/projects/RealBud/server/company/work-items.integration.test.ts"}]}