{"numTotalTestSuites":20,"numPassedTestSuites":18,"numFailedTestSuites":2,"numPendingTestSuites":0,"numTotalTests":90,"numPassedTests":71,"numFailedTests":0,"numPendingTests":19,"numTodoTests":0,"snapshot":{"added":0,"failure":false,"filesAdded":0,"filesRemoved":0,"filesRemovedList":[],"filesUnmatched":0,"filesUpdated":0,"matched":0,"total":0,"unchecked":0,"uncheckedKeysByFile":[],"unmatched":0,"updated":0,"didUpdate":false},"startTime":1789969554477,"success":false,"testResults":[{"assertionResults":[{"ancestorTitles":["company + service administration through the real HTTP server"],"fullName":"company + service administration through the real HTTP server protects administrator/company APIs with ordinary session and separate admin authority","status":"skipped","title":"protects administrator/company APIs with ordinary session and separate admin authority","failureMessages":[],"meta":{},"tags":[]},{"ancestorTitles":["company + service administration through the real HTTP server"],"fullName":"company + service administration through the real HTTP server logs in only this admin session and creates a single host company","status":"skipped","title":"logs in only this admin session and creates a single host company","failureMessages":[],"meta":{},"tags":[]},{"ancestorTitles":["company + service administration through the real HTTP server"],"fullName":"company + service administration through the real HTTP server redeems one-use invitations without inheriting service administration","status":"skipped","title":"redeems one-use invitations without inheriting service administration","failureMessages":[],"meta":{},"tags":[]},{"ancestorTitles":["company + service administration through the real HTTP server"],"fullName":"company + service administration through the real HTTP server enforces private and shared revision access through actual routes","status":"skipped","title":"enforces private and shared revision access through actual routes","failureMessages":[],"meta":{},"tags":[]},{"ancestorTitles":["company + service administration through the real HTTP server"],"fullName":"company + service administration through the real HTTP server preserves member sessions across service restart while revoking admin sessions","status":"skipped","title":"preserves member sessions across service restart while revoking admin sessions","failureMessages":[],"meta":{},"tags":[]},{"ancestorTitles":["company + service administration through the real HTTP server"],"fullName":"company + service administration through the real HTTP server does not let service administration impersonate the owner or invalidate their session","status":"skipped","title":"does not let service administration impersonate the owner or invalidate their session","failureMessages":[],"meta":{},"tags":[]},{"ancestorTitles":["company + service administration through the real HTTP server"],"fullName":"company + service administration through the real HTTP server reports damaged shared work as recovery through the full local HTTP boundary","status":"skipped","title":"reports damaged shared work as recovery through the full local HTTP boundary","failureMessages":[],"meta":{},"tags":[]},{"ancestorTitles":["company + service administration through the real HTTP server"],"fullName":"company + service administration through the real HTTP server requires service entitlement for paid work while allowing records and revocation","status":"skipped","title":"requires service entitlement for paid work while allowing records and revocation","failureMessages":[],"meta":{},"tags":[]}],"startTime":1789969554477,"endTime":1789969554477,"status":"failed","message":"","name":"/Users/yoda/projects/RealBud/server/company-host.test.ts"},{"assertionResults":[{"ancestorTitles":["office backup data integrity on real PostgreSQL"],"fullName":"office backup data integrity on real PostgreSQL rejects another office in the payload and rolls back rows already inserted","status":"passed","title":"rejects another office in the payload and rolls back rows already inserted","duration":98.47395800000004,"failureMessages":[],"meta":{},"tags":[]},{"ancestorTitles":["office backup data integrity on real PostgreSQL"],"fullName":"office backup data integrity on real PostgreSQL rejects unknown columns and incompatible migrations rather than executing uploaded instructions","status":"passed","title":"rejects unknown columns and incompatible migrations rather than executing uploaded instructions","duration":183.12620800000013,"failureMessages":[],"meta":{},"tags":[]},{"ancestorTitles":["office backup data integrity on real PostgreSQL"],"fullName":"office backup data integrity on real PostgreSQL admits only the exact trusted 0005 prefix, never unknown versions or altered checksums","status":"passed","title":"admits only the exact trusted 0005 prefix, never unknown versions or altered checksums","duration":471.70895800000017,"failureMessages":[],"meta":{},"tags":[]},{"ancestorTitles":["office backup data integrity on real PostgreSQL"],"fullName":"office backup data integrity on real PostgreSQL rejects forged legacy columns and post-0005 state instead of deriving permissive defaults","status":"passed","title":"rejects forged legacy columns and post-0005 state instead of deriving permissive defaults","duration":603.4144590000001,"failureMessages":[],"meta":{},"tags":[]},{"ancestorTitles":["office backup data integrity on real PostgreSQL"],"fullName":"office backup data integrity on real PostgreSQL rejects matching but untrusted target and uploaded migration checksums","status":"passed","title":"rejects matching but untrusted target and uploaded migration checksums","duration":90.59687499999973,"failureMessages":[],"meta":{},"tags":[]},{"ancestorTitles":["office backup data integrity on real PostgreSQL"],"fullName":"office backup data integrity on real PostgreSQL upgrades a genuine 0005 shape with unassigned active defaults and preserves claim fencing","status":"passed","title":"upgrades a genuine 0005 shape with unassigned active defaults and preserves claim fencing","duration":111.9629589999995,"failureMessages":[],"meta":{},"tags":[]},{"ancestorTitles":["office backup data integrity on real PostgreSQL"],"fullName":"office backup data integrity on real PostgreSQL restores data while fencing in-flight claims and revoking restored credentials for sessions","status":"passed","title":"restores data while fencing in-flight claims and revoking restored credentials for sessions","duration":116.23458299999947,"failureMessages":[],"meta":{},"tags":[]}],"startTime":1789969557196,"endTime":1789969558871.2346,"status":"passed","message":"","name":"/Users/yoda/projects/RealBud/server/company/backup.integration.test.ts"},{"assertionResults":[{"ancestorTitles":["department case lifecycle on real PostgreSQL"],"fullName":"department case lifecycle on real PostgreSQL creates exactly once across kernels, preserving the original binding after reassignment and closure","status":"passed","title":"creates exactly once across kernels, preserving the original binding after reassignment and closure","duration":47.375583000000006,"failureMessages":[],"meta":{},"tags":[]},{"ancestorTitles":["department case lifecycle on real PostgreSQL"],"fullName":"department case lifecycle on real PostgreSQL assigns only current writers without granting access; rejects reader, foreign and removed members","status":"passed","title":"assigns only current writers without granting access; rejects reader, foreign and removed members","duration":32.27695900000003,"failureMessages":[],"meta":{},"tags":[]},{"ancestorTitles":["department case lifecycle on real PostgreSQL"],"fullName":"department case lifecycle on real PostgreSQL keeps responsibility independent of leases and prevents generic claim bypass","status":"passed","title":"keeps responsibility independent of leases and prevents generic claim bypass","duration":36.23162500000001,"failureMessages":[],"meta":{},"tags":[]},{"ancestorTitles":["department case lifecycle on real PostgreSQL"],"fullName":"department case lifecycle on real PostgreSQL records explicit human closure once, refusing another writer, stale edits and changed retry notes","status":"passed","title":"records explicit human closure once, refusing another writer, stale edits and changed retry notes","duration":21.364874999999984,"failureMessages":[],"meta":{},"tags":[]},{"ancestorTitles":["department case lifecycle on real PostgreSQL"],"fullName":"department case lifecycle on real PostgreSQL blocks departure for assigned work and marks lost access for reassignment without erasing history","status":"passed","title":"blocks departure for assigned work and marks lost access for reassignment without erasing history","duration":25.410957999999937,"failureMessages":[],"meta":{},"tags":[]},{"ancestorTitles":["department case lifecycle on real PostgreSQL"],"fullName":"department case lifecycle on real PostgreSQL serializes assignment versus claim and gives only one concurrent edit the original fence","status":"passed","title":"serializes assignment versus claim and gives only one concurrent edit the original fence","duration":18.3470420000001,"failureMessages":[],"meta":{},"tags":[]},{"ancestorTitles":["department case lifecycle on real PostgreSQL"],"fullName":"department case lifecycle on real PostgreSQL keeps a hidden unassigned interrupted claim as a departure hold without exposing its contents","status":"passed","title":"keeps a hidden unassigned interrupted claim as a departure hold without exposing its contents","duration":21.088167000000112,"failureMessages":[],"meta":{},"tags":[]},{"ancestorTitles":["department case lifecycle on real PostgreSQL"],"fullName":"department case lifecycle on real PostgreSQL fails closed when the hidden-work predicate owner cannot bypass forced RLS","status":"passed","title":"fails closed when the hidden-work predicate owner cannot bypass forced RLS","duration":13.78712500000006,"failureMessages":[],"meta":{},"tags":[]},{"ancestorTitles":["department case lifecycle on real PostgreSQL"],"fullName":"department case lifecycle on real PostgreSQL retirement refuses unresolved work, preserves read history, denies generic and RLS writes, and reactivates without work","status":"passed","title":"retirement refuses unresolved work, preserves read history, denies generic and RLS writes, and reactivates without work","duration":40.033500000000004,"failureMessages":[],"meta":{},"tags":[]},{"ancestorTitles":["department case lifecycle on real PostgreSQL"],"fullName":"department case lifecycle on real PostgreSQL serializes retirement versus both generic and typed creation across kernels","status":"passed","title":"serializes retirement versus both generic and typed creation across kernels","duration":19.82291700000019,"failureMessages":[],"meta":{},"tags":[]},{"ancestorTitles":["department case lifecycle on real PostgreSQL"],"fullName":"department case lifecycle on real PostgreSQL checks current owner after transfer and never changes reviewed SharedWork semantics","status":"passed","title":"checks current owner after transfer and never changes reviewed SharedWork semantics","duration":18.072584000000006,"failureMessages":[],"meta":{},"tags":[]},{"ancestorTitles":["department case lifecycle on real PostgreSQL"],"fullName":"department case lifecycle on real PostgreSQL upgrades an actual 0005 database without rewriting cases, receipts, grants or active claims","status":"passed","title":"upgrades an actual 0005 database without rewriting cases, receipts, grants or active claims","duration":960.3108749999999,"failureMessages":[],"meta":{},"tags":[]},{"ancestorTitles":["department case lifecycle on real PostgreSQL"],"fullName":"department case lifecycle on real PostgreSQL reapplies the checksummed migration without changing existing business records","status":"passed","title":"reapplies the checksummed migration without changing existing business records","duration":16.153666999999587,"failureMessages":[],"meta":{},"tags":[]}],"startTime":1789969560201,"endTime":1789969561472.1536,"status":"passed","message":"","name":"/Users/yoda/projects/RealBud/server/company/department-lifecycle.integration.test.ts"},{"assertionResults":[{"ancestorTitles":["department recovery on real PostgreSQL"],"fullName":"department recovery on real PostgreSQL resolves the read-only holder departure deadlock, preserves the note and never restores the old claim","status":"passed","title":"resolves the read-only holder departure deadlock, preserves the note and never restores the old claim","duration":52.45154200000002,"failureMessages":[],"meta":{},"tags":[]},{"ancestorTitles":["department recovery on real PostgreSQL"],"fullName":"department recovery on real PostgreSQL refuses live claims, admits expired claims only after review, and preserves idempotency after new work starts","status":"passed","title":"refuses live claims, admits expired claims only after review, and preserves idempotency after new work starts","duration":32.26979099999994,"failureMessages":[],"meta":{},"tags":[]},{"ancestorTitles":["department recovery on real PostgreSQL"],"fullName":"department recovery on real PostgreSQL serializes concurrent decisions across kernels and rejects stale fence decisions without changing the winner","status":"passed","title":"serializes concurrent decisions across kernels and rejects stale fence decisions without changing the winner","duration":20.436500000000024,"failureMessages":[],"meta":{},"tags":[]},{"ancestorTitles":["department recovery on real PostgreSQL"],"fullName":"department recovery on real PostgreSQL never exposes a foreign office, private scope, unrelated reviewed handoff or no-access department","status":"passed","title":"never exposes a foreign office, private scope, unrelated reviewed handoff or no-access department","duration":38.582041000000004,"failureMessages":[],"meta":{},"tags":[]},{"ancestorTitles":["department recovery on real PostgreSQL"],"fullName":"department recovery on real PostgreSQL makes removed-member claims reviewable and checks current owner authority even for a replay","status":"passed","title":"makes removed-member claims reviewable and checks current owner authority even for a replay","duration":24.08162500000003,"failureMessages":[],"meta":{},"tags":[]},{"ancestorTitles":["department recovery on real PostgreSQL"],"fullName":"department recovery on real PostgreSQL fences the previous owner’s implicit department claims immediately on ownership transfer, retaining explicit grants","status":"passed","title":"fences the previous owner’s implicit department claims immediately on ownership transfer, retaining explicit grants","duration":34.327208999999925,"failureMessages":[],"meta":{},"tags":[]},{"ancestorTitles":["department recovery on real PostgreSQL"],"fullName":"department recovery on real PostgreSQL pages all case records, rejects invalid input, and cannot recover ordinary open or settled cases","status":"passed","title":"pages all case records, rejects invalid input, and cannot recover ordinary open or settled cases","duration":49.107499999999845,"failureMessages":[],"meta":{},"tags":[]}],"startTime":1789969564273,"endTime":1789969564525.1074,"status":"passed","message":"","name":"/Users/yoda/projects/RealBud/server/company/department-recovery.integration.test.ts"},{"assertionResults":[{"ancestorTitles":["department API over pinned office TLS"],"fullName":"department API over pinned office TLS authenticates, validates and persists department access across the reviewed LAN routes","status":"passed","title":"authenticates, validates and persists department access across the reviewed LAN routes","duration":179.32212499999991,"failureMessages":[],"meta":{},"tags":[]},{"ancestorTitles":["department API over pinned office TLS"],"fullName":"department API over pinned office TLS serves bounded case review and owner recovery over the authenticated TLS allowlist","status":"passed","title":"serves bounded case review and owner recovery over the authenticated TLS allowlist","duration":280.17216600000006,"failureMessages":[],"meta":{},"tags":[]},{"ancestorTitles":["department API over pinned office TLS"],"fullName":"department API over pinned office TLS creates, assigns, closes and retires through pinned TLS with exact request retries and strict fields","status":"passed","title":"creates, assigns, closes and retires through pinned TLS with exact request retries and strict fields","duration":109.1049579999999,"failureMessages":[],"meta":{},"tags":[]}],"startTime":1789969562694,"endTime":1789969563263.105,"status":"passed","message":"","name":"/Users/yoda/projects/RealBud/server/company/departments-transport.integration.test.ts"},{"assertionResults":[{"ancestorTitles":["explicit departments on real PostgreSQL"],"fullName":"explicit departments on real PostgreSQL lists only explicit departments and never exposes other offices or unrelated shared review scopes","status":"passed","title":"lists only explicit departments and never exposes other offices or unrelated shared review scopes","duration":43.42637500000001,"failureMessages":[],"meta":{},"tags":[]},{"ancestorTitles":["explicit departments on real PostgreSQL"],"fullName":"explicit departments on real PostgreSQL creates once after a lost response and rejects conflicting reuse and duplicate names","status":"passed","title":"creates once after a lost response and rejects conflicting reuse and duplicate names","duration":11.30554200000006,"failureMessages":[],"meta":{},"tags":[]},{"ancestorTitles":["explicit departments on real PostgreSQL"],"fullName":"explicit departments on real PostgreSQL enforces read-only then write then removal against real department records","status":"passed","title":"enforces read-only then write then removal against real department records","duration":23.01329199999998,"failureMessages":[],"meta":{},"tags":[]},{"ancestorTitles":["explicit departments on real PostgreSQL"],"fullName":"explicit departments on real PostgreSQL rejects simultaneous stale access edits and generic grant bypasses","status":"passed","title":"rejects simultaneous stale access edits and generic grant bypasses","duration":12.12412500000005,"failureMessages":[],"meta":{},"tags":[]},{"ancestorTitles":["explicit departments on real PostgreSQL"],"fullName":"explicit departments on real PostgreSQL binds management and implicit access to the current office owner without transferring private scopes","status":"passed","title":"binds management and implicit access to the current office owner without transferring private scopes","duration":13.555582999999842,"failureMessages":[],"meta":{},"tags":[]},{"ancestorTitles":["explicit departments on real PostgreSQL"],"fullName":"explicit departments on real PostgreSQL rejects revoked and foreign members and immediately holds work after edit access is removed","status":"passed","title":"rejects revoked and foreign members and immediately holds work after edit access is removed","duration":24.545749999999998,"failureMessages":[],"meta":{},"tags":[]},{"ancestorTitles":["explicit departments on real PostgreSQL"],"fullName":"explicit departments on real PostgreSQL paginates current members without silently excluding large offices","status":"passed","title":"paginates current members without silently excluding large offices","duration":13.5704589999998,"failureMessages":[],"meta":{},"tags":[]}],"startTime":1789969565628,"endTime":1789969565770.5706,"status":"passed","message":"","name":"/Users/yoda/projects/RealBud/server/company/departments.integration.test.ts"},{"assertionResults":[{"ancestorTitles":["company host transport"],"fullName":"company host transport carries reviewed work over the same pinned member channel without admitting new methods","status":"passed","title":"carries reviewed work over the same pinned member channel without admitting new methods","duration":25.362083000000013,"failureMessages":[],"meta":{},"tags":[]},{"ancestorTitles":["company host transport"],"fullName":"company host transport bounds large collaboration responses independently from request limits","status":"passed","title":"bounds large collaboration responses independently from request limits","duration":4.999124999999992,"failureMessages":[],"meta":{},"tags":[]},{"ancestorTitles":["company host transport"],"fullName":"company host transport exports a stable SHA-256 DER fingerprint","status":"passed","title":"exports a stable SHA-256 DER fingerprint","duration":0.3152499999999918,"failureMessages":[],"meta":{},"tags":[]},{"ancestorTitles":["company host transport"],"fullName":"company host transport matching pin success forwards JSON and omits CORS wildcards","status":"passed","title":"matching pin success forwards JSON and omits CORS wildcards","duration":6.940625000000011,"failureMessages":[],"meta":{},"tags":[]},{"ancestorTitles":["company host transport"],"fullName":"company host transport wrong CA/pin never calls handle and does not send the member token","status":"passed","title":"wrong CA/pin never calls handle and does not send the member token","duration":3.138791999999995,"failureMessages":[],"meta":{},"tags":[]},{"ancestorTitles":["company host transport"],"fullName":"company host transport hostname mismatch never calls handle","status":"passed","title":"hostname mismatch never calls handle","duration":2.7680409999999824,"failureMessages":[],"meta":{},"tags":[]},{"ancestorTitles":["company host transport"],"fullName":"company host transport never follows redirects and does not hit the Location target","status":"passed","title":"never follows redirects and does not hit the Location target","duration":2.7230830000000026,"failureMessages":[],"meta":{},"tags":[]},{"ancestorTitles":["company host transport"],"fullName":"company host transport forwards only x-realbud-member-session and rejects browser origin","status":"passed","title":"forwards only x-realbud-member-session and rejects browser origin","duration":3.982416999999998,"failureMessages":[],"meta":{},"tags":[]},{"ancestorTitles":["company host transport"],"fullName":"company host transport GET /create is forbidden","status":"passed","title":"GET /create is forbidden","duration":2.1805840000000103,"failureMessages":[],"meta":{},"tags":[]},{"ancestorTitles":["company host transport"],"fullName":"company host transport POST /setup is forbidden","status":"passed","title":"POST /setup is forbidden","duration":2.035833999999994,"failureMessages":[],"meta":{},"tags":[]},{"ancestorTitles":["company host transport"],"fullName":"company host transport POST /recover-owner is forbidden","status":"passed","title":"POST /recover-owner is forbidden","duration":1.7778749999999945,"failureMessages":[],"meta":{},"tags":[]},{"ancestorTitles":["company host transport"],"fullName":"company host transport GET /admin is forbidden","status":"passed","title":"GET /admin is forbidden","duration":2.1085840000000076,"failureMessages":[],"meta":{},"tags":[]},{"ancestorTitles":["company host transport"],"fullName":"company host transport GET /settings is forbidden","status":"passed","title":"GET /settings is forbidden","duration":1.6732919999999751,"failureMessages":[],"meta":{},"tags":[]},{"ancestorTitles":["company host transport"],"fullName":"company host transport GET /api is forbidden","status":"passed","title":"GET /api is forbidden","duration":1.9084170000000142,"failureMessages":[],"meta":{},"tags":[]},{"ancestorTitles":["company host transport"],"fullName":"company host transport GET /session is forbidden","status":"passed","title":"GET /session is forbidden","duration":2.346041999999983,"failureMessages":[],"meta":{},"tags":[]},{"ancestorTitles":["company host transport"],"fullName":"company host transport GET /Ask is forbidden","status":"passed","title":"GET /Ask is forbidden","duration":2.1056250000000034,"failureMessages":[],"meta":{},"tags":[]},{"ancestorTitles":["company host transport"],"fullName":"company host transport GET /Desk is forbidden","status":"passed","title":"GET /Desk is forbidden","duration":1.866708999999986,"failureMessages":[],"meta":{},"tags":[]},{"ancestorTitles":["company host transport"],"fullName":"company host transport GET /status/ is forbidden","status":"passed","title":"GET /status/ is forbidden","duration":1.6376249999999857,"failureMessages":[],"meta":{},"tags":[]},{"ancestorTitles":["company host transport"],"fullName":"company host transport GET //status is forbidden","status":"passed","title":"GET //status is forbidden","duration":1.5619590000000017,"failureMessages":[],"meta":{},"tags":[]},{"ancestorTitles":["company host transport"],"fullName":"company host transport GET /status?x=1 is forbidden","status":"passed","title":"GET /status?x=1 is forbidden","duration":1.714000000000027,"failureMessages":[],"meta":{},"tags":[]},{"ancestorTitles":["company host transport"],"fullName":"company host transport POST /cases/claim/../claim is forbidden","status":"passed","title":"POST /cases/claim/../claim is forbidden","duration":2.1012910000000034,"failureMessages":[],"meta":{},"tags":[]},{"ancestorTitles":["company host transport"],"fullName":"company host transport rejects malformed and oversized JSON without calling handle","status":"passed","title":"rejects malformed and oversized JSON without calling handle","duration":3.793582999999984,"failureMessages":[],"meta":{},"tags":[]},{"ancestorTitles":["company host transport"],"fullName":"company host transport honors cancellation before completion","status":"passed","title":"honors cancellation before completion","duration":1.1162499999999795,"failureMessages":[],"meta":{},"tags":[]},{"ancestorTitles":["company host transport"],"fullName":"company host transport ends a request at its deadline when the host handler never replies","status":"passed","title":"ends a request at its deadline when the host handler never replies","duration":102.143709,"failureMessages":[],"meta":{},"tags":[]},{"ancestorTitles":["company host transport"],"fullName":"company host transport rejects http, userinfo, query, and path-bearing origins","status":"passed","title":"rejects http, userinfo, query, and path-bearing origins","duration":0.394457999999986,"failureMessages":[],"meta":{},"tags":[]}],"startTime":1789969567114,"endTime":1789969567296.3945,"status":"passed","message":"","name":"/Users/yoda/projects/RealBud/server/company/host-transport.test.ts"},{"assertionResults":[{"ancestorTitles":["membership lifecycle on real PostgreSQL"],"fullName":"membership lifecycle on real PostgreSQL restricts management and offers to this office owner","status":"passed","title":"restricts management and offers to this office owner","duration":18.862625000000094,"failureMessages":[],"meta":{},"tags":[]},{"ancestorTitles":["membership lifecycle on real PostgreSQL"],"fullName":"membership lifecycle on real PostgreSQL requires recipient acceptance, changes authority atomically and preserves private scopes","status":"passed","title":"requires recipient acceptance, changes authority atomically and preserves private scopes","duration":11.087707999999907,"failureMessages":[],"meta":{},"tags":[]},{"ancestorTitles":["membership lifecycle on real PostgreSQL"],"fullName":"membership lifecycle on real PostgreSQL denies cancelled, expired and revoked-recipient transfers","status":"passed","title":"denies cancelled, expired and revoked-recipient transfers","duration":8.06841600000007,"failureMessages":[],"meta":{},"tags":[]},{"ancestorTitles":["membership lifecycle on real PostgreSQL"],"fullName":"membership lifecycle on real PostgreSQL serializes owner acceptance against revocation without leaving two owners or a revoked owner","status":"passed","title":"serializes owner acceptance against revocation without leaving two owners or a revoked owner","duration":6.18908399999998,"failureMessages":[],"meta":{},"tags":[]},{"ancestorTitles":["membership lifecycle on real PostgreSQL"],"fullName":"membership lifecycle on real PostgreSQL serializes departure against new shared work so a successful write cannot be orphaned","status":"passed","title":"serializes departure against new shared work so a successful write cannot be orphaned","duration":6.566374999999994,"failureMessages":[],"meta":{},"tags":[]},{"ancestorTitles":["membership lifecycle on real PostgreSQL"],"fullName":"membership lifecycle on real PostgreSQL blocks unresolved shared work, then revokes every session and records a private departure receipt","status":"passed","title":"blocks unresolved shared work, then revokes every session and records a private departure receipt","duration":11.328250000000025,"failureMessages":[],"meta":{},"tags":[]}],"startTime":1789969566738,"endTime":1789969566800.3284,"status":"passed","message":"","name":"/Users/yoda/projects/RealBud/server/company/membership.integration.test.ts"},{"assertionResults":[{"ancestorTitles":["independent agency authority over real PostgreSQL and pinned TLS"],"fullName":"independent agency authority over real PostgreSQL and pinned TLS binds credentials, invitations, records and department permissions to the selected office","status":"passed","title":"binds credentials, invitations, records and department permissions to the selected office","duration":428.09962499999983,"failureMessages":[],"meta":{},"tags":[]},{"ancestorTitles":["independent agency authority over real PostgreSQL and pinned TLS"],"fullName":"independent agency authority over real PostgreSQL and pinned TLS keeps LAN callers outside service administration, device enrollment and agent execution","status":"passed","title":"keeps LAN callers outside service administration, device enrollment and agent execution","duration":28.15804100000014,"failureMessages":[],"meta":{},"tags":[]},{"ancestorTitles":["independent agency authority over real PostgreSQL and pinned TLS"],"fullName":"independent agency authority over real PostgreSQL and pinned TLS revokes every member session and recovery route while holding uncertain work and preserving the other office","status":"passed","title":"revokes every member session and recovery route while holding uncertain work and preserving the other office","duration":199.75824999999986,"failureMessages":[],"meta":{},"tags":[]}],"startTime":1789969570469,"endTime":1789969571124.7583,"status":"passed","message":"","name":"/Users/yoda/projects/RealBud/server/company/multi-agency-transport.integration.test.ts"},{"assertionResults":[{"ancestorTitles":["company shared work items on PostgreSQL"],"fullName":"company shared work items on PostgreSQL shares only to named recipients and leaves private knowledge untouched","status":"skipped","title":"shares only to named recipients and leaves private knowledge untouched","failureMessages":[],"meta":{},"tags":[]},{"ancestorTitles":["company shared work items on PostgreSQL"],"fullName":"company shared work items on PostgreSQL retains readable legacy work, upgrades it on an explicit action, and rejects another company","status":"skipped","title":"retains readable legacy work, upgrades it on an explicit action, and rejects another company","failureMessages":[],"meta":{},"tags":[]},{"ancestorTitles":["company shared work items on PostgreSQL"],"fullName":"company shared work items on PostgreSQL pages immutable history and does not let a non-assigned audience member provide the named review","status":"skipped","title":"pages immutable history and does not let a non-assigned audience member provide the named review","failureMessages":[],"meta":{},"tags":[]},{"ancestorTitles":["company shared work items on PostgreSQL"],"fullName":"company shared work items on PostgreSQL replays identical requests, rejects collisions and stale replies, and closes in-band","status":"skipped","title":"replays identical requests, rejects collisions and stale replies, and closes in-band","failureMessages":[],"meta":{},"tags":[]},{"ancestorTitles":["company shared work items on PostgreSQL"],"fullName":"company shared work items on PostgreSQL drops visibility when grants are removed or the recipient is revoked","status":"skipped","title":"drops visibility when grants are removed or the recipient is revoked","failureMessages":[],"meta":{},"tags":[]},{"ancestorTitles":["company shared work items on PostgreSQL"],"fullName":"company shared work items on PostgreSQL reports current viewer actions and refuses a stale writer after a read-only downgrade","status":"skipped","title":"reports current viewer actions and refuses a stale writer after a read-only downgrade","failureMessages":[],"meta":{},"tags":[]},{"ancestorTitles":["company shared work items on PostgreSQL"],"fullName":"company shared work items on PostgreSQL pages within the chosen audience without hiding older open work behind sent items","status":"skipped","title":"pages within the chosen audience without hiding older open work behind sent items","failureMessages":[],"meta":{},"tags":[]},{"ancestorTitles":["company shared work items on PostgreSQL"],"fullName":"company shared work items on PostgreSQL reports damaged shared records instead of silently showing an empty list","status":"skipped","title":"reports damaged shared records instead of silently showing an empty list","failureMessages":[],"meta":{},"tags":[]},{"ancestorTitles":["company shared work items on PostgreSQL"],"fullName":"company shared work items on PostgreSQL does not let generic case APIs alias shared work or turn a review into a worker claim","status":"skipped","title":"does not let generic case APIs alias shared work or turn a review into a worker claim","failureMessages":[],"meta":{},"tags":[]},{"ancestorTitles":["company shared work items on PostgreSQL"],"fullName":"company shared work items on PostgreSQL preserves the exact reviewed whitespace and canonicalizes UUID casing","status":"skipped","title":"preserves the exact reviewed whitespace and canonicalizes UUID casing","failureMessages":[],"meta":{},"tags":[]},{"ancestorTitles":["company shared work items on PostgreSQL"],"fullName":"company shared work items on PostgreSQL handles overlapping recipients and revocation, then replays a saved request with its reduced audience","status":"skipped","title":"handles overlapping recipients and revocation, then replays a saved request with its reduced audience","failureMessages":[],"meta":{},"tags":[]}],"startTime":1789969554477,"endTime":1789969554477,"status":"passed","message":"","name":"/Users/yoda/projects/RealBud/server/company/work-items.integration.test.ts"}]}