{"numTotalTestSuites":2,"numPassedTestSuites":2,"numFailedTestSuites":0,"numPendingTestSuites":0,"numTotalTests":8,"numPassedTests":8,"numFailedTests":0,"numPendingTests":0,"numTodoTests":0,"snapshot":{"added":0,"failure":false,"filesAdded":0,"filesRemoved":0,"filesRemovedList":[],"filesUnmatched":0,"filesUpdated":0,"matched":0,"total":0,"unchecked":0,"uncheckedKeysByFile":[],"unmatched":0,"updated":0,"didUpdate":false},"startTime":1789969709691,"success":true,"testResults":[{"assertionResults":[{"ancestorTitles":["company + service administration through the real HTTP server"],"fullName":"company + service administration through the real HTTP server protects administrator/company APIs with ordinary session and separate admin authority","status":"passed","title":"protects administrator/company APIs with ordinary session and separate admin authority","duration":46.165500000000065,"failureMessages":[],"meta":{},"tags":[]},{"ancestorTitles":["company + service administration through the real HTTP server"],"fullName":"company + service administration through the real HTTP server logs in only this admin session and creates a single host company","status":"passed","title":"logs in only this admin session and creates a single host company","duration":197.1249580000001,"failureMessages":[],"meta":{},"tags":[]},{"ancestorTitles":["company + service administration through the real HTTP server"],"fullName":"company + service administration through the real HTTP server redeems one-use invitations without inheriting service administration","status":"passed","title":"redeems one-use invitations without inheriting service administration","duration":581.8727079999999,"failureMessages":[],"meta":{},"tags":[]},{"ancestorTitles":["company + service administration through the real HTTP server"],"fullName":"company + service administration through the real HTTP server enforces private and shared revision access through actual routes","status":"passed","title":"enforces private and shared revision access through actual routes","duration":29.613209000000097,"failureMessages":[],"meta":{},"tags":[]},{"ancestorTitles":["company + service administration through the real HTTP server"],"fullName":"company + service administration through the real HTTP server preserves member sessions across service restart while revoking admin sessions","status":"passed","title":"preserves member sessions across service restart while revoking admin sessions","duration":337.13700000000017,"failureMessages":[],"meta":{},"tags":[]},{"ancestorTitles":["company + service administration through the real HTTP server"],"fullName":"company + service administration through the real HTTP server does not let service administration impersonate the owner or invalidate their session","status":"passed","title":"does not let service administration impersonate the owner or invalidate their session","duration":65.19608299999982,"failureMessages":[],"meta":{},"tags":[]},{"ancestorTitles":["company + service administration through the real HTTP server"],"fullName":"company + service administration through the real HTTP server reports damaged shared work as recovery through the full local HTTP boundary","status":"passed","title":"reports damaged shared work as recovery through the full local HTTP boundary","duration":43.644750000000386,"failureMessages":[],"meta":{},"tags":[]},{"ancestorTitles":["company + service administration through the real HTTP server"],"fullName":"company + service administration through the real HTTP server requires service entitlement for paid work while allowing records and revocation","status":"passed","title":"requires service entitlement for paid work while allowing records and revocation","duration":26.375082999999904,"failureMessages":[],"meta":{},"tags":[]}],"startTime":1789969711050,"endTime":1789969712377.375,"status":"passed","message":"","name":"/Users/yoda/projects/RealBud/server/company-host.test.ts"}]}