{"numTotalTestSuites":2,"numPassedTestSuites":2,"numFailedTestSuites":0,"numPendingTestSuites":0,"numTotalTests":26,"numPassedTests":26,"numFailedTests":0,"numPendingTests":0,"numTodoTests":0,"snapshot":{"added":0,"failure":false,"filesAdded":0,"filesRemoved":0,"filesRemovedList":[],"filesUnmatched":0,"filesUpdated":0,"matched":0,"total":0,"unchecked":0,"uncheckedKeysByFile":[],"unmatched":0,"updated":0,"didUpdate":false},"startTime":1789969773184,"success":true,"testResults":[{"assertionResults":[{"ancestorTitles":["company host transport"],"fullName":"company host transport carries reviewed work over the same pinned member channel without admitting new methods","status":"passed","title":"carries reviewed work over the same pinned member channel without admitting new methods","duration":29.804416999999972,"failureMessages":[],"meta":{},"tags":[]},{"ancestorTitles":["company host transport"],"fullName":"company host transport bounds large collaboration responses independently from request limits","status":"passed","title":"bounds large collaboration responses independently from request limits","duration":5.585708000000011,"failureMessages":[],"meta":{},"tags":[]},{"ancestorTitles":["company host transport"],"fullName":"company host transport exports a stable SHA-256 DER fingerprint","status":"passed","title":"exports a stable SHA-256 DER fingerprint","duration":0.29624999999998636,"failureMessages":[],"meta":{},"tags":[]},{"ancestorTitles":["company host transport"],"fullName":"company host transport matching pin success forwards JSON and omits CORS wildcards","status":"passed","title":"matching pin success forwards JSON and omits CORS wildcards","duration":8.402249999999981,"failureMessages":[],"meta":{},"tags":[]},{"ancestorTitles":["company host transport"],"fullName":"company host transport wrong CA/pin never calls handle and does not send the member token","status":"passed","title":"wrong CA/pin never calls handle and does not send the member token","duration":3.385832999999991,"failureMessages":[],"meta":{},"tags":[]},{"ancestorTitles":["company host transport"],"fullName":"company host transport hostname mismatch never calls handle","status":"passed","title":"hostname mismatch never calls handle","duration":2.9004999999999654,"failureMessages":[],"meta":{},"tags":[]},{"ancestorTitles":["company host transport"],"fullName":"company host transport never follows redirects and does not hit the Location target","status":"passed","title":"never follows redirects and does not hit the Location target","duration":2.8660000000000423,"failureMessages":[],"meta":{},"tags":[]},{"ancestorTitles":["company host transport"],"fullName":"company host transport forwards only x-realbud-member-session and rejects browser origin","status":"passed","title":"forwards only x-realbud-member-session and rejects browser origin","duration":4.802291000000025,"failureMessages":[],"meta":{},"tags":[]},{"ancestorTitles":["company host transport"],"fullName":"company host transport GET /create is forbidden","status":"passed","title":"GET /create is forbidden","duration":2.478582999999958,"failureMessages":[],"meta":{},"tags":[]},{"ancestorTitles":["company host transport"],"fullName":"company host transport POST /setup is forbidden","status":"passed","title":"POST /setup is forbidden","duration":2.550374999999974,"failureMessages":[],"meta":{},"tags":[]},{"ancestorTitles":["company host transport"],"fullName":"company host transport POST /recover-owner is forbidden","status":"passed","title":"POST /recover-owner is forbidden","duration":2.4309580000000324,"failureMessages":[],"meta":{},"tags":[]},{"ancestorTitles":["company host transport"],"fullName":"company host transport GET /admin is forbidden","status":"passed","title":"GET /admin is forbidden","duration":2.1049999999999613,"failureMessages":[],"meta":{},"tags":[]},{"ancestorTitles":["company host transport"],"fullName":"company host transport GET /settings is forbidden","status":"passed","title":"GET /settings is forbidden","duration":2.186334000000045,"failureMessages":[],"meta":{},"tags":[]},{"ancestorTitles":["company host transport"],"fullName":"company host transport GET /api is forbidden","status":"passed","title":"GET /api is forbidden","duration":2.8918750000000273,"failureMessages":[],"meta":{},"tags":[]},{"ancestorTitles":["company host transport"],"fullName":"company host transport GET /session is forbidden","status":"passed","title":"GET /session is forbidden","duration":1.8604159999999865,"failureMessages":[],"meta":{},"tags":[]},{"ancestorTitles":["company host transport"],"fullName":"company host transport GET /Ask is forbidden","status":"passed","title":"GET /Ask is forbidden","duration":1.90704199999999,"failureMessages":[],"meta":{},"tags":[]},{"ancestorTitles":["company host transport"],"fullName":"company host transport GET /Desk is forbidden","status":"passed","title":"GET /Desk is forbidden","duration":1.940416999999968,"failureMessages":[],"meta":{},"tags":[]},{"ancestorTitles":["company host transport"],"fullName":"company host transport GET /status/ is forbidden","status":"passed","title":"GET /status/ is forbidden","duration":2.843708000000049,"failureMessages":[],"meta":{},"tags":[]},{"ancestorTitles":["company host transport"],"fullName":"company host transport GET //status is forbidden","status":"passed","title":"GET //status is forbidden","duration":2.003582999999992,"failureMessages":[],"meta":{},"tags":[]},{"ancestorTitles":["company host transport"],"fullName":"company host transport GET /status?x=1 is forbidden","status":"passed","title":"GET /status?x=1 is forbidden","duration":1.8085829999999987,"failureMessages":[],"meta":{},"tags":[]},{"ancestorTitles":["company host transport"],"fullName":"company host transport POST /cases/claim/../claim is forbidden","status":"passed","title":"POST /cases/claim/../claim is forbidden","duration":2.183667000000014,"failureMessages":[],"meta":{},"tags":[]},{"ancestorTitles":["company host transport"],"fullName":"company host transport rejects malformed and oversized JSON without calling handle","status":"passed","title":"rejects malformed and oversized JSON without calling handle","duration":4.789666000000011,"failureMessages":[],"meta":{},"tags":[]},{"ancestorTitles":["company host transport"],"fullName":"company host transport keeps local state and every department outbox route off the LAN before member authentication","status":"passed","title":"keeps local state and every department outbox route off the LAN before member authentication","duration":28.885208999999975,"failureMessages":[],"meta":{},"tags":[]},{"ancestorTitles":["company host transport"],"fullName":"company host transport honors cancellation before completion","status":"passed","title":"honors cancellation before completion","duration":1.3205839999999966,"failureMessages":[],"meta":{},"tags":[]},{"ancestorTitles":["company host transport"],"fullName":"company host transport ends a request at its deadline when the host handler never replies","status":"passed","title":"ends a request at its deadline when the host handler never replies","duration":101.02579199999997,"failureMessages":[],"meta":{},"tags":[]},{"ancestorTitles":["company host transport"],"fullName":"company host transport rejects http, userinfo, query, and path-bearing origins","status":"passed","title":"rejects http, userinfo, query, and path-bearing origins","duration":0.2547079999999937,"failureMessages":[],"meta":{},"tags":[]}],"startTime":1789969773439,"endTime":1789969773663.2546,"status":"passed","message":"","name":"/Users/yoda/projects/RealBud/server/company/host-transport.test.ts"}]}