{"numTotalTestSuites":20,"numPassedTestSuites":20,"numFailedTestSuites":0,"numPendingTestSuites":0,"numTotalTests":99,"numPassedTests":99,"numFailedTests":0,"numPendingTests":0,"numTodoTests":0,"snapshot":{"added":0,"failure":false,"filesAdded":0,"filesRemoved":0,"filesRemovedList":[],"filesUnmatched":0,"filesUpdated":0,"matched":0,"total":0,"unchecked":0,"uncheckedKeysByFile":[],"unmatched":0,"updated":0,"didUpdate":false},"startTime":1789969666197,"success":true,"testResults":[{"assertionResults":[{"ancestorTitles":["office backup data integrity on real PostgreSQL"],"fullName":"office backup data integrity on real PostgreSQL rejects another office in the payload and rolls back rows already inserted","status":"passed","title":"rejects another office in the payload and rolls back rows already inserted","duration":97.34154200000012,"failureMessages":[],"meta":{},"tags":[]},{"ancestorTitles":["office backup data integrity on real PostgreSQL"],"fullName":"office backup data integrity on real PostgreSQL rejects unknown columns and incompatible migrations rather than executing uploaded instructions","status":"passed","title":"rejects unknown columns and incompatible migrations rather than executing uploaded instructions","duration":189.93091699999968,"failureMessages":[],"meta":{},"tags":[]},{"ancestorTitles":["office backup data integrity on real PostgreSQL"],"fullName":"office backup data integrity on real PostgreSQL admits only the exact trusted 0005 prefix, never unknown versions or altered checksums","status":"passed","title":"admits only the exact trusted 0005 prefix, never unknown versions or altered checksums","duration":484.36179200000015,"failureMessages":[],"meta":{},"tags":[]},{"ancestorTitles":["office backup data integrity on real PostgreSQL"],"fullName":"office backup data integrity on real PostgreSQL rejects forged legacy columns and post-0005 state instead of deriving permissive defaults","status":"passed","title":"rejects forged legacy columns and post-0005 state instead of deriving permissive defaults","duration":578.3670000000002,"failureMessages":[],"meta":{},"tags":[]},{"ancestorTitles":["office backup data integrity on real PostgreSQL"],"fullName":"office backup data integrity on real PostgreSQL rejects matching but untrusted target and uploaded migration checksums","status":"passed","title":"rejects matching but untrusted target and uploaded migration checksums","duration":92.445334,"failureMessages":[],"meta":{},"tags":[]},{"ancestorTitles":["office backup data integrity on real PostgreSQL"],"fullName":"office backup data integrity on real PostgreSQL upgrades a genuine 0005 shape with unassigned active defaults and preserves claim fencing","status":"passed","title":"upgrades a genuine 0005 shape with unassigned active defaults and preserves claim fencing","duration":116.66683299999977,"failureMessages":[],"meta":{},"tags":[]},{"ancestorTitles":["office backup data integrity on real PostgreSQL"],"fullName":"office backup data integrity on real PostgreSQL restores data while fencing in-flight claims and revoking restored credentials for sessions","status":"passed","title":"restores data while fencing in-flight claims and revoking restored credentials for sessions","duration":118.18545799999993,"failureMessages":[],"meta":{},"tags":[]}],"startTime":1789969668846,"endTime":1789969670523.1855,"status":"passed","message":"","name":"/Users/yoda/projects/RealBud/server/company/backup.integration.test.ts"},{"assertionResults":[{"ancestorTitles":["department case lifecycle on real PostgreSQL"],"fullName":"department case lifecycle on real PostgreSQL creates exactly once across kernels, preserving the original binding after reassignment and closure","status":"passed","title":"creates exactly once across kernels, preserving the original binding after reassignment and closure","duration":43.33899999999994,"failureMessages":[],"meta":{},"tags":[]},{"ancestorTitles":["department case lifecycle on real PostgreSQL"],"fullName":"department case lifecycle on real PostgreSQL assigns only current writers without granting access; rejects reader, foreign and removed members","status":"passed","title":"assigns only current writers without granting access; rejects reader, foreign and removed members","duration":33.73608300000001,"failureMessages":[],"meta":{},"tags":[]},{"ancestorTitles":["department case lifecycle on real PostgreSQL"],"fullName":"department case lifecycle on real PostgreSQL keeps responsibility independent of leases and prevents generic claim bypass","status":"passed","title":"keeps responsibility independent of leases and prevents generic claim bypass","duration":36.12470799999994,"failureMessages":[],"meta":{},"tags":[]},{"ancestorTitles":["department case lifecycle on real PostgreSQL"],"fullName":"department case lifecycle on real PostgreSQL records explicit human closure once, refusing another writer, stale edits and changed retry notes","status":"passed","title":"records explicit human closure once, refusing another writer, stale edits and changed retry notes","duration":21.84050000000002,"failureMessages":[],"meta":{},"tags":[]},{"ancestorTitles":["department case lifecycle on real PostgreSQL"],"fullName":"department case lifecycle on real PostgreSQL blocks departure for assigned work and marks lost access for reassignment without erasing history","status":"passed","title":"blocks departure for assigned work and marks lost access for reassignment without erasing history","duration":21.3187089999999,"failureMessages":[],"meta":{},"tags":[]},{"ancestorTitles":["department case lifecycle on real PostgreSQL"],"fullName":"department case lifecycle on real PostgreSQL serializes assignment versus claim and gives only one concurrent edit the original fence","status":"passed","title":"serializes assignment versus claim and gives only one concurrent edit the original fence","duration":16.345542000000023,"failureMessages":[],"meta":{},"tags":[]},{"ancestorTitles":["department case lifecycle on real PostgreSQL"],"fullName":"department case lifecycle on real PostgreSQL keeps a hidden unassigned interrupted claim as a departure hold without exposing its contents","status":"passed","title":"keeps a hidden unassigned interrupted claim as a departure hold without exposing its contents","duration":19.69600000000014,"failureMessages":[],"meta":{},"tags":[]},{"ancestorTitles":["department case lifecycle on real PostgreSQL"],"fullName":"department case lifecycle on real PostgreSQL fails closed when the hidden-work predicate owner cannot bypass forced RLS","status":"passed","title":"fails closed when the hidden-work predicate owner cannot bypass forced RLS","duration":12.356583,"failureMessages":[],"meta":{},"tags":[]},{"ancestorTitles":["department case lifecycle on real PostgreSQL"],"fullName":"department case lifecycle on real PostgreSQL retirement refuses unresolved work, preserves read history, denies generic and RLS writes, and reactivates without work","status":"passed","title":"retirement refuses unresolved work, preserves read history, denies generic and RLS writes, and reactivates without work","duration":37.046875,"failureMessages":[],"meta":{},"tags":[]},{"ancestorTitles":["department case lifecycle on real PostgreSQL"],"fullName":"department case lifecycle on real PostgreSQL serializes retirement versus both generic and typed creation across kernels","status":"passed","title":"serializes retirement versus both generic and typed creation across kernels","duration":23.329292000000123,"failureMessages":[],"meta":{},"tags":[]},{"ancestorTitles":["department case lifecycle on real PostgreSQL"],"fullName":"department case lifecycle on real PostgreSQL checks current owner after transfer and never changes reviewed SharedWork semantics","status":"passed","title":"checks current owner after transfer and never changes reviewed SharedWork semantics","duration":19.007540999999947,"failureMessages":[],"meta":{},"tags":[]},{"ancestorTitles":["department case lifecycle on real PostgreSQL"],"fullName":"department case lifecycle on real PostgreSQL upgrades an actual 0005 database without rewriting cases, receipts, grants or active claims","status":"passed","title":"upgrades an actual 0005 database without rewriting cases, receipts, grants or active claims","duration":916.3819999999998,"failureMessages":[],"meta":{},"tags":[]},{"ancestorTitles":["department case lifecycle on real PostgreSQL"],"fullName":"department case lifecycle on real PostgreSQL reapplies the checksummed migration without changing existing business records","status":"passed","title":"reapplies the checksummed migration without changing existing business records","duration":16.66483300000027,"failureMessages":[],"meta":{},"tags":[]}],"startTime":1789969674718,"endTime":1789969675935.6648,"status":"passed","message":"","name":"/Users/yoda/projects/RealBud/server/company/department-lifecycle.integration.test.ts"},{"assertionResults":[{"ancestorTitles":["department recovery on real PostgreSQL"],"fullName":"department recovery on real PostgreSQL resolves the read-only holder departure deadlock, preserves the note and never restores the old claim","status":"passed","title":"resolves the read-only holder departure deadlock, preserves the note and never restores the old claim","duration":56.19954100000007,"failureMessages":[],"meta":{},"tags":[]},{"ancestorTitles":["department recovery on real PostgreSQL"],"fullName":"department recovery on real PostgreSQL refuses live claims, admits expired claims only after review, and preserves idempotency after new work starts","status":"passed","title":"refuses live claims, admits expired claims only after review, and preserves idempotency after new work starts","duration":30.660791000000017,"failureMessages":[],"meta":{},"tags":[]},{"ancestorTitles":["department recovery on real PostgreSQL"],"fullName":"department recovery on real PostgreSQL serializes concurrent decisions across kernels and rejects stale fence decisions without changing the winner","status":"passed","title":"serializes concurrent decisions across kernels and rejects stale fence decisions without changing the winner","duration":18.299999999999955,"failureMessages":[],"meta":{},"tags":[]},{"ancestorTitles":["department recovery on real PostgreSQL"],"fullName":"department recovery on real PostgreSQL never exposes a foreign office, private scope, unrelated reviewed handoff or no-access department","status":"passed","title":"never exposes a foreign office, private scope, unrelated reviewed handoff or no-access department","duration":33.938458999999966,"failureMessages":[],"meta":{},"tags":[]},{"ancestorTitles":["department recovery on real PostgreSQL"],"fullName":"department recovery on real PostgreSQL makes removed-member claims reviewable and checks current owner authority even for a replay","status":"passed","title":"makes removed-member claims reviewable and checks current owner authority even for a replay","duration":21.86687500000005,"failureMessages":[],"meta":{},"tags":[]},{"ancestorTitles":["department recovery on real PostgreSQL"],"fullName":"department recovery on real PostgreSQL fences the previous owner’s implicit department claims immediately on ownership transfer, retaining explicit grants","status":"passed","title":"fences the previous owner’s implicit department claims immediately on ownership transfer, retaining explicit grants","duration":30.718374999999924,"failureMessages":[],"meta":{},"tags":[]},{"ancestorTitles":["department recovery on real PostgreSQL"],"fullName":"department recovery on real PostgreSQL pages all case records, rejects invalid input, and cannot recover ordinary open or settled cases","status":"passed","title":"pages all case records, rejects invalid input, and cannot recover ordinary open or settled cases","duration":44.016374999999925,"failureMessages":[],"meta":{},"tags":[]}],"startTime":1789969679186,"endTime":1789969679422.0164,"status":"passed","message":"","name":"/Users/yoda/projects/RealBud/server/company/department-recovery.integration.test.ts"},{"assertionResults":[{"ancestorTitles":["department API over pinned office TLS"],"fullName":"department API over pinned office TLS authenticates, validates and persists department access across the reviewed LAN routes","status":"passed","title":"authenticates, validates and persists department access across the reviewed LAN routes","duration":50.27754099999993,"failureMessages":[],"meta":{},"tags":[]},{"ancestorTitles":["department API over pinned office TLS"],"fullName":"department API over pinned office TLS serves bounded case review and owner recovery over the authenticated TLS allowlist","status":"passed","title":"serves bounded case review and owner recovery over the authenticated TLS allowlist","duration":69.50095799999997,"failureMessages":[],"meta":{},"tags":[]},{"ancestorTitles":["department API over pinned office TLS"],"fullName":"department API over pinned office TLS creates, assigns, closes and retires through pinned TLS with exact request retries and strict fields","status":"passed","title":"creates, assigns, closes and retires through pinned TLS with exact request retries and strict fields","duration":83.06887500000005,"failureMessages":[],"meta":{},"tags":[]}],"startTime":1789969676979,"endTime":1789969677182.0688,"status":"passed","message":"","name":"/Users/yoda/projects/RealBud/server/company/departments-transport.integration.test.ts"},{"assertionResults":[{"ancestorTitles":["explicit departments on real PostgreSQL"],"fullName":"explicit departments on real PostgreSQL lists only explicit departments and never exposes other offices or unrelated shared review scopes","status":"passed","title":"lists only explicit departments and never exposes other offices or unrelated shared review scopes","duration":26.41258300000004,"failureMessages":[],"meta":{},"tags":[]},{"ancestorTitles":["explicit departments on real PostgreSQL"],"fullName":"explicit departments on real PostgreSQL creates once after a lost response and rejects conflicting reuse and duplicate names","status":"passed","title":"creates once after a lost response and rejects conflicting reuse and duplicate names","duration":7.533333000000084,"failureMessages":[],"meta":{},"tags":[]},{"ancestorTitles":["explicit departments on real PostgreSQL"],"fullName":"explicit departments on real PostgreSQL enforces read-only then write then removal against real department records","status":"passed","title":"enforces read-only then write then removal against real department records","duration":18.217250000000035,"failureMessages":[],"meta":{},"tags":[]},{"ancestorTitles":["explicit departments on real PostgreSQL"],"fullName":"explicit departments on real PostgreSQL rejects simultaneous stale access edits and generic grant bypasses","status":"passed","title":"rejects simultaneous stale access edits and generic grant bypasses","duration":8.728542000000061,"failureMessages":[],"meta":{},"tags":[]},{"ancestorTitles":["explicit departments on real PostgreSQL"],"fullName":"explicit departments on real PostgreSQL binds management and implicit access to the current office owner without transferring private scopes","status":"passed","title":"binds management and implicit access to the current office owner without transferring private scopes","duration":12.78937499999995,"failureMessages":[],"meta":{},"tags":[]},{"ancestorTitles":["explicit departments on real PostgreSQL"],"fullName":"explicit departments on real PostgreSQL rejects revoked and foreign members and immediately holds work after edit access is removed","status":"passed","title":"rejects revoked and foreign members and immediately holds work after edit access is removed","duration":23.171291999999994,"failureMessages":[],"meta":{},"tags":[]},{"ancestorTitles":["explicit departments on real PostgreSQL"],"fullName":"explicit departments on real PostgreSQL paginates current members without silently excluding large offices","status":"passed","title":"paginates current members without silently excluding large offices","duration":13.746666000000005,"failureMessages":[],"meta":{},"tags":[]}],"startTime":1789969678093,"endTime":1789969678203.7466,"status":"passed","message":"","name":"/Users/yoda/projects/RealBud/server/company/departments.integration.test.ts"},{"assertionResults":[{"ancestorTitles":["company host transport"],"fullName":"company host transport carries reviewed work over the same pinned member channel without admitting new methods","status":"passed","title":"carries reviewed work over the same pinned member channel without admitting new methods","duration":25.454125000000005,"failureMessages":[],"meta":{},"tags":[]},{"ancestorTitles":["company host transport"],"fullName":"company host transport bounds large collaboration responses independently from request limits","status":"passed","title":"bounds large collaboration responses independently from request limits","duration":5.7239999999999895,"failureMessages":[],"meta":{},"tags":[]},{"ancestorTitles":["company host transport"],"fullName":"company host transport exports a stable SHA-256 DER fingerprint","status":"passed","title":"exports a stable SHA-256 DER fingerprint","duration":0.3375419999999849,"failureMessages":[],"meta":{},"tags":[]},{"ancestorTitles":["company host transport"],"fullName":"company host transport matching pin success forwards JSON and omits CORS wildcards","status":"passed","title":"matching pin success forwards JSON and omits CORS wildcards","duration":7.251707999999979,"failureMessages":[],"meta":{},"tags":[]},{"ancestorTitles":["company host transport"],"fullName":"company host transport wrong CA/pin never calls handle and does not send the member token","status":"passed","title":"wrong CA/pin never calls handle and does not send the member token","duration":2.5646660000000168,"failureMessages":[],"meta":{},"tags":[]},{"ancestorTitles":["company host transport"],"fullName":"company host transport hostname mismatch never calls handle","status":"passed","title":"hostname mismatch never calls handle","duration":2.5510830000000055,"failureMessages":[],"meta":{},"tags":[]},{"ancestorTitles":["company host transport"],"fullName":"company host transport never follows redirects and does not hit the Location target","status":"passed","title":"never follows redirects and does not hit the Location target","duration":2.9309169999999938,"failureMessages":[],"meta":{},"tags":[]},{"ancestorTitles":["company host transport"],"fullName":"company host transport forwards only x-realbud-member-session and rejects browser origin","status":"passed","title":"forwards only x-realbud-member-session and rejects browser origin","duration":4.164332999999999,"failureMessages":[],"meta":{},"tags":[]},{"ancestorTitles":["company host transport"],"fullName":"company host transport GET /create is forbidden","status":"passed","title":"GET /create is forbidden","duration":2.1437500000000114,"failureMessages":[],"meta":{},"tags":[]},{"ancestorTitles":["company host transport"],"fullName":"company host transport POST /setup is forbidden","status":"passed","title":"POST /setup is forbidden","duration":1.9777500000000146,"failureMessages":[],"meta":{},"tags":[]},{"ancestorTitles":["company host transport"],"fullName":"company host transport POST /recover-owner is forbidden","status":"passed","title":"POST /recover-owner is forbidden","duration":1.7822500000000048,"failureMessages":[],"meta":{},"tags":[]},{"ancestorTitles":["company host transport"],"fullName":"company host transport GET /admin is forbidden","status":"passed","title":"GET /admin is forbidden","duration":2.272999999999996,"failureMessages":[],"meta":{},"tags":[]},{"ancestorTitles":["company host transport"],"fullName":"company host transport GET /settings is forbidden","status":"passed","title":"GET /settings is forbidden","duration":1.7766670000000033,"failureMessages":[],"meta":{},"tags":[]},{"ancestorTitles":["company host transport"],"fullName":"company host transport GET /api is forbidden","status":"passed","title":"GET /api is forbidden","duration":1.6513330000000224,"failureMessages":[],"meta":{},"tags":[]},{"ancestorTitles":["company host transport"],"fullName":"company host transport GET /session is forbidden","status":"passed","title":"GET /session is forbidden","duration":2.0302079999999876,"failureMessages":[],"meta":{},"tags":[]},{"ancestorTitles":["company host transport"],"fullName":"company host transport GET /Ask is forbidden","status":"passed","title":"GET /Ask is forbidden","duration":1.7555830000000014,"failureMessages":[],"meta":{},"tags":[]},{"ancestorTitles":["company host transport"],"fullName":"company host transport GET /Desk is forbidden","status":"passed","title":"GET /Desk is forbidden","duration":1.8082920000000229,"failureMessages":[],"meta":{},"tags":[]},{"ancestorTitles":["company host transport"],"fullName":"company host transport GET /status/ is forbidden","status":"passed","title":"GET /status/ is forbidden","duration":2.0215410000000134,"failureMessages":[],"meta":{},"tags":[]},{"ancestorTitles":["company host transport"],"fullName":"company host transport GET //status is forbidden","status":"passed","title":"GET //status is forbidden","duration":1.9755419999999901,"failureMessages":[],"meta":{},"tags":[]},{"ancestorTitles":["company host transport"],"fullName":"company host transport GET /status?x=1 is forbidden","status":"passed","title":"GET /status?x=1 is forbidden","duration":1.7780840000000069,"failureMessages":[],"meta":{},"tags":[]},{"ancestorTitles":["company host transport"],"fullName":"company host transport POST /cases/claim/../claim is forbidden","status":"passed","title":"POST /cases/claim/../claim is forbidden","duration":1.778415999999993,"failureMessages":[],"meta":{},"tags":[]},{"ancestorTitles":["company host transport"],"fullName":"company host transport rejects malformed and oversized JSON without calling handle","status":"passed","title":"rejects malformed and oversized JSON without calling handle","duration":3.590665999999999,"failureMessages":[],"meta":{},"tags":[]},{"ancestorTitles":["company host transport"],"fullName":"company host transport honors cancellation before completion","status":"passed","title":"honors cancellation before completion","duration":0.8844169999999849,"failureMessages":[],"meta":{},"tags":[]},{"ancestorTitles":["company host transport"],"fullName":"company host transport ends a request at its deadline when the host handler never replies","status":"passed","title":"ends a request at its deadline when the host handler never replies","duration":100.91241699999998,"failureMessages":[],"meta":{},"tags":[]},{"ancestorTitles":["company host transport"],"fullName":"company host transport rejects http, userinfo, query, and path-bearing origins","status":"passed","title":"rejects http, userinfo, query, and path-bearing origins","duration":0.3480000000000132,"failureMessages":[],"meta":{},"tags":[]}],"startTime":1789969680776,"endTime":1789969680957.348,"status":"passed","message":"","name":"/Users/yoda/projects/RealBud/server/company/host-transport.test.ts"},{"assertionResults":[{"ancestorTitles":["membership lifecycle on real PostgreSQL"],"fullName":"membership lifecycle on real PostgreSQL restricts management and offers to this office owner","status":"passed","title":"restricts management and offers to this office owner","duration":19.635166000000027,"failureMessages":[],"meta":{},"tags":[]},{"ancestorTitles":["membership lifecycle on real PostgreSQL"],"fullName":"membership lifecycle on real PostgreSQL requires recipient acceptance, changes authority atomically and preserves private scopes","status":"passed","title":"requires recipient acceptance, changes authority atomically and preserves private scopes","duration":12.387249999999995,"failureMessages":[],"meta":{},"tags":[]},{"ancestorTitles":["membership lifecycle on real PostgreSQL"],"fullName":"membership lifecycle on real PostgreSQL denies cancelled, expired and revoked-recipient transfers","status":"passed","title":"denies cancelled, expired and revoked-recipient transfers","duration":8.318667000000005,"failureMessages":[],"meta":{},"tags":[]},{"ancestorTitles":["membership lifecycle on real PostgreSQL"],"fullName":"membership lifecycle on real PostgreSQL serializes owner acceptance against revocation without leaving two owners or a revoked owner","status":"passed","title":"serializes owner acceptance against revocation without leaving two owners or a revoked owner","duration":6.326083999999923,"failureMessages":[],"meta":{},"tags":[]},{"ancestorTitles":["membership lifecycle on real PostgreSQL"],"fullName":"membership lifecycle on real PostgreSQL serializes departure against new shared work so a successful write cannot be orphaned","status":"passed","title":"serializes departure against new shared work so a successful write cannot be orphaned","duration":6.104542000000038,"failureMessages":[],"meta":{},"tags":[]},{"ancestorTitles":["membership lifecycle on real PostgreSQL"],"fullName":"membership lifecycle on real PostgreSQL blocks unresolved shared work, then revokes every session and records a private departure receipt","status":"passed","title":"blocks unresolved shared work, then revokes every session and records a private departure receipt","duration":12.138332999999989,"failureMessages":[],"meta":{},"tags":[]}],"startTime":1789969680412,"endTime":1789969680477.1384,"status":"passed","message":"","name":"/Users/yoda/projects/RealBud/server/company/membership.integration.test.ts"},{"assertionResults":[{"ancestorTitles":["independent agency authority over real PostgreSQL and pinned TLS"],"fullName":"independent agency authority over real PostgreSQL and pinned TLS binds credentials, invitations, records and department permissions to the selected office","status":"passed","title":"binds credentials, invitations, records and department permissions to the selected office","duration":415.4904170000002,"failureMessages":[],"meta":{},"tags":[]},{"ancestorTitles":["independent agency authority over real PostgreSQL and pinned TLS"],"fullName":"independent agency authority over real PostgreSQL and pinned TLS keeps LAN callers outside service administration, device enrollment and agent execution","status":"passed","title":"keeps LAN callers outside service administration, device enrollment and agent execution","duration":24.485541000000012,"failureMessages":[],"meta":{},"tags":[]},{"ancestorTitles":["independent agency authority over real PostgreSQL and pinned TLS"],"fullName":"independent agency authority over real PostgreSQL and pinned TLS revokes every member session and recovery route while holding uncertain work and preserving the other office","status":"passed","title":"revokes every member session and recovery route while holding uncertain work and preserving the other office","duration":197.06550000000016,"failureMessages":[],"meta":{},"tags":[]}],"startTime":1789969672966,"endTime":1789969673603.0654,"status":"passed","message":"","name":"/Users/yoda/projects/RealBud/server/company/multi-agency-transport.integration.test.ts"},{"assertionResults":[{"ancestorTitles":["company kernel on real PostgreSQL"],"fullName":"company kernel on real PostgreSQL refuses superuser runtime credentials and checks migration checksums","status":"passed","title":"refuses superuser runtime credentials and checks migration checksums","duration":20.06154199999999,"failureMessages":[],"meta":{},"tags":[]},{"ancestorTitles":["company kernel on real PostgreSQL"],"fullName":"company kernel on real PostgreSQL serializes single-host bootstrap and persists the resulting office","status":"passed","title":"serializes single-host bootstrap and persists the resulting office","duration":27.592958999999993,"failureMessages":[],"meta":{},"tags":[]},{"ancestorTitles":["company kernel on real PostgreSQL"],"fullName":"company kernel on real PostgreSQL stores only token hashes and redeems one invitation exactly once across pools","status":"passed","title":"stores only token hashes and redeems one invitation exactly once across pools","duration":18.037459000000013,"failureMessages":[],"meta":{},"tags":[]},{"ancestorTitles":["company kernel on real PostgreSQL"],"fullName":"company kernel on real PostgreSQL rejects expired/revoked invitations and revoked/expired sessions","status":"passed","title":"rejects expired/revoked invitations and revoked/expired sessions","duration":20.630957999999993,"failureMessages":[],"meta":{},"tags":[]},{"ancestorTitles":["company kernel on real PostgreSQL"],"fullName":"company kernel on real PostgreSQL holds owner recovery without owner proof, preserving sessions and private confidentiality","status":"passed","title":"holds owner recovery without owner proof, preserving sessions and private confidentiality","duration":22.54725000000002,"failureMessages":[],"meta":{},"tags":[]},{"ancestorTitles":["company kernel on real PostgreSQL"],"fullName":"company kernel on real PostgreSQL keeps private scopes private even from the company owner and separates companies","status":"passed","title":"keeps private scopes private even from the company owner and separates companies","duration":24.656292000000008,"failureMessages":[],"meta":{},"tags":[]},{"ancestorTitles":["company kernel on real PostgreSQL"],"fullName":"company kernel on real PostgreSQL serializes competing first knowledge revisions and preserves revision history","status":"passed","title":"serializes competing first knowledge revisions and preserves revision history","duration":24.98637500000001,"failureMessages":[],"meta":{},"tags":[]},{"ancestorTitles":["company kernel on real PostgreSQL"],"fullName":"company kernel on real PostgreSQL rejects concurrent stale grant edits and reads after revocation across warm instances","status":"passed","title":"rejects concurrent stale grant edits and reads after revocation across warm instances","duration":24.990834000000007,"failureMessages":[],"meta":{},"tags":[]},{"ancestorTitles":["company kernel on real PostgreSQL"],"fullName":"company kernel on real PostgreSQL RLS hides private content and pooled transaction actor context clears on success and failure","status":"passed","title":"RLS hides private content and pooled transaction actor context clears on success and failure","duration":27.390041999999994,"failureMessages":[],"meta":{},"tags":[]},{"ancestorTitles":["company kernel on real PostgreSQL"],"fullName":"company kernel on real PostgreSQL allows one case claimant, renews its lease and fences a released generation","status":"passed","title":"allows one case claimant, renews its lease and fences a released generation","duration":36.123583999999994,"failureMessages":[],"meta":{},"tags":[]},{"ancestorTitles":["company kernel on real PostgreSQL"],"fullName":"company kernel on real PostgreSQL holds an expired claim and refuses late renewal or completion","status":"passed","title":"holds an expired claim and refuses late renewal or completion","duration":26.70437499999997,"failureMessages":[],"meta":{},"tags":[]},{"ancestorTitles":["company kernel on real PostgreSQL"],"fullName":"company kernel on real PostgreSQL revokes members without releasing unsettled work to another claimant","status":"passed","title":"revokes members without releasing unsettled work to another claimant","duration":28.001374999999996,"failureMessages":[],"meta":{},"tags":[]},{"ancestorTitles":["company kernel on real PostgreSQL"],"fullName":"company kernel on real PostgreSQL fences active work when editing access is removed, even if access is later restored ('read')","status":"passed","title":"fences active work when editing access is removed, even if access is later restored ('read')","duration":32.09966599999996,"failureMessages":[],"meta":{},"tags":[]},{"ancestorTitles":["company kernel on real PostgreSQL"],"fullName":"company kernel on real PostgreSQL fences active work when editing access is removed, even if access is later restored ('none')","status":"passed","title":"fences active work when editing access is removed, even if access is later restored ('none')","duration":32.77387500000003,"failureMessages":[],"meta":{},"tags":[]},{"ancestorTitles":["company kernel on real PostgreSQL"],"fullName":"company kernel on real PostgreSQL preserves claims when editing authority remains and does not affect another scope","status":"passed","title":"preserves claims when editing authority remains and does not affect another scope","duration":45.782917,"failureMessages":[],"meta":{},"tags":[]},{"ancestorTitles":["company kernel on real PostgreSQL"],"fullName":"company kernel on real PostgreSQL concurrent session revocations are idempotent without a lock-upgrade deadlock","status":"passed","title":"concurrent session revocations are idempotent without a lock-upgrade deadlock","duration":16.697542000000112,"failureMessages":[],"meta":{},"tags":[]},{"ancestorTitles":["company kernel on real PostgreSQL"],"fullName":"company kernel on real PostgreSQL member revocation waits for an already-authorized write then denies every later write","status":"passed","title":"member revocation waits for an already-authorized write then denies every later write","duration":32.10679199999993,"failureMessages":[],"meta":{},"tags":[]}],"startTime":1789969681077,"endTime":1789969681538.1067,"status":"passed","message":"","name":"/Users/yoda/projects/RealBud/server/company/postgres.integration.test.ts"},{"assertionResults":[{"ancestorTitles":["company shared work items on PostgreSQL"],"fullName":"company shared work items on PostgreSQL shares only to named recipients and leaves private knowledge untouched","status":"passed","title":"shares only to named recipients and leaves private knowledge untouched","duration":38.78329200000002,"failureMessages":[],"meta":{},"tags":[]},{"ancestorTitles":["company shared work items on PostgreSQL"],"fullName":"company shared work items on PostgreSQL retains readable legacy work, upgrades it on an explicit action, and rejects another company","status":"passed","title":"retains readable legacy work, upgrades it on an explicit action, and rejects another company","duration":20.09491700000001,"failureMessages":[],"meta":{},"tags":[]},{"ancestorTitles":["company shared work items on PostgreSQL"],"fullName":"company shared work items on PostgreSQL pages immutable history and does not let a non-assigned audience member provide the named review","status":"passed","title":"pages immutable history and does not let a non-assigned audience member provide the named review","duration":54.615959000000004,"failureMessages":[],"meta":{},"tags":[]},{"ancestorTitles":["company shared work items on PostgreSQL"],"fullName":"company shared work items on PostgreSQL replays identical requests, rejects collisions and stale replies, and closes in-band","status":"passed","title":"replays identical requests, rejects collisions and stale replies, and closes in-band","duration":21.33775,"failureMessages":[],"meta":{},"tags":[]},{"ancestorTitles":["company shared work items on PostgreSQL"],"fullName":"company shared work items on PostgreSQL drops visibility when grants are removed or the recipient is revoked","status":"passed","title":"drops visibility when grants are removed or the recipient is revoked","duration":16.414333999999997,"failureMessages":[],"meta":{},"tags":[]},{"ancestorTitles":["company shared work items on PostgreSQL"],"fullName":"company shared work items on PostgreSQL reports current viewer actions and refuses a stale writer after a read-only downgrade","status":"passed","title":"reports current viewer actions and refuses a stale writer after a read-only downgrade","duration":13.581375000000037,"failureMessages":[],"meta":{},"tags":[]},{"ancestorTitles":["company shared work items on PostgreSQL"],"fullName":"company shared work items on PostgreSQL pages within the chosen audience without hiding older open work behind sent items","status":"passed","title":"pages within the chosen audience without hiding older open work behind sent items","duration":38.03891699999997,"failureMessages":[],"meta":{},"tags":[]},{"ancestorTitles":["company shared work items on PostgreSQL"],"fullName":"company shared work items on PostgreSQL reports damaged shared records instead of silently showing an empty list","status":"passed","title":"reports damaged shared records instead of silently showing an empty list","duration":7.402875000000051,"failureMessages":[],"meta":{},"tags":[]},{"ancestorTitles":["company shared work items on PostgreSQL"],"fullName":"company shared work items on PostgreSQL does not let generic case APIs alias shared work or turn a review into a worker claim","status":"passed","title":"does not let generic case APIs alias shared work or turn a review into a worker claim","duration":7.6351660000000265,"failureMessages":[],"meta":{},"tags":[]},{"ancestorTitles":["company shared work items on PostgreSQL"],"fullName":"company shared work items on PostgreSQL preserves the exact reviewed whitespace and canonicalizes UUID casing","status":"passed","title":"preserves the exact reviewed whitespace and canonicalizes UUID casing","duration":4.440625000000011,"failureMessages":[],"meta":{},"tags":[]},{"ancestorTitles":["company shared work items on PostgreSQL"],"fullName":"company shared work items on PostgreSQL handles overlapping recipients and revocation, then replays a saved request with its reduced audience","status":"passed","title":"handles overlapping recipients and revocation, then replays a saved request with its reduced audience","duration":7.783917000000031,"failureMessages":[],"meta":{},"tags":[]}],"startTime":1789969681652,"endTime":1789969681882.784,"status":"passed","message":"","name":"/Users/yoda/projects/RealBud/server/company/work-items.integration.test.ts"}]}