{"numTotalTestSuites":57,"numPassedTestSuites":57,"numFailedTestSuites":0,"numPendingTestSuites":0,"numTotalTests":203,"numPassedTests":203,"numFailedTests":0,"numPendingTests":0,"numTodoTests":0,"snapshot":{"added":0,"failure":false,"filesAdded":0,"filesRemoved":0,"filesRemovedList":[],"filesUnmatched":0,"filesUpdated":0,"matched":0,"total":0,"unchecked":0,"uncheckedKeysByFile":[],"unmatched":0,"updated":0,"didUpdate":false},"startTime":1789965378472,"success":true,"testResults":[{"assertionResults":[{"ancestorTitles":["fictional agency department workday over company TLS"],"fullName":"fictional agency department workday over company TLS shares a sourced office procedure with all five staff without granting edit authority","status":"passed","title":"shares a sourced office procedure with all five staff without granting edit authority","duration":75.6931669999999,"failureMessages":[],"meta":{},"tags":[]},{"ancestorTitles":["fictional agency department workday over company TLS"],"fullName":"fictional agency department workday over company TLS keeps each personal note private, including from the company owner","status":"passed","title":"keeps each personal note private, including from the company owner","duration":187.08341599999994,"failureMessages":[],"meta":{},"tags":[]},{"ancestorTitles":["fictional agency department workday over company TLS"],"fullName":"fictional agency department workday over company TLS allows an explicit accounts handover and read-only PM review, hiding it from leasing","status":"passed","title":"allows an explicit accounts handover and read-only PM review, hiding it from leasing","duration":32.300750000000335,"failureMessages":[],"meta":{},"tags":[]},{"ancestorTitles":["fictional agency department workday over company TLS"],"fullName":"fictional agency department workday over company TLS rejects a simultaneous stale edit and preserves both accepted versions with their sources","status":"passed","title":"rejects a simultaneous stale edit and preserves both accepted versions with their sources","duration":19.272500000000036,"failureMessages":[],"meta":{},"tags":[]},{"ancestorTitles":["fictional agency department workday over company TLS"],"fullName":"fictional agency department workday over company TLS gives one accountant the job, supports renewal and handover, and rejects stale or duplicate completion","status":"passed","title":"gives one accountant the job, supports renewal and handover, and rejects stale or duplicate completion","duration":69.56204200000002,"failureMessages":[],"meta":{},"tags":[]},{"ancestorTitles":["fictional agency department workday over company TLS"],"fullName":"fictional agency department workday over company TLS rejects forged authority and invalid lifecycle requests before they change work","status":"passed","title":"rejects forged authority and invalid lifecycle requests before they change work","duration":26.985208000000057,"failureMessages":[],"meta":{},"tags":[]},{"ancestorTitles":["fictional agency department workday over company TLS"],"fullName":"fictional agency department workday over company TLS removes department access immediately even with a warm session and an active claim","status":"passed","title":"removes department access immediately even with a warm session and an active claim","duration":34.23845799999981,"failureMessages":[],"meta":{},"tags":[]},{"ancestorTitles":["fictional agency department workday over company TLS"],"fullName":"fictional agency department workday over company TLS lets only the owner cancel an unused invitation and prevents its redemption","status":"passed","title":"lets only the owner cancel an unused invitation and prevents its redemption","duration":136.2963749999999,"failureMessages":[],"meta":{},"tags":[]},{"ancestorTitles":["fictional agency department workday over company TLS"],"fullName":"fictional agency department workday over company TLS offboards a staff member, revokes sign-in and holds their active job for recovery","status":"passed","title":"offboards a staff member, revokes sign-in and holds their active job for recovery","duration":94.10083299999997,"failureMessages":[],"meta":{},"tags":[]},{"ancestorTitles":["fictional agency department workday over company TLS"],"fullName":"fictional agency department workday over company TLS holds an expired lease for review instead of automatically repeating its work","status":"passed","title":"holds an expired lease for review instead of automatically repeating its work","duration":202.24562500000002,"failureMessages":[],"meta":{},"tags":[]},{"ancestorTitles":["fictional agency department workday over company TLS"],"fullName":"fictional agency department workday over company TLS reopens the host and every client, preserving company records, private records and offboarding","status":"passed","title":"reopens the host and every client, preserving company records, private records and offboarding","duration":657.4057090000006,"failureMessages":[],"meta":{},"tags":[]}],"startTime":1789965395820,"endTime":1789965397355.4058,"status":"passed","message":"","name":"/Users/yoda/projects/RealBud/server/company-departments.integration.test.ts"},{"assertionResults":[{"ancestorTitles":["company + service administration through the real HTTP server"],"fullName":"company + service administration through the real HTTP server protects administrator/company APIs with ordinary session and separate admin authority","status":"passed","title":"protects administrator/company APIs with ordinary session and separate admin authority","duration":56.557124999999814,"failureMessages":[],"meta":{},"tags":[]},{"ancestorTitles":["company + service administration through the real HTTP server"],"fullName":"company + service administration through the real HTTP server logs in only this admin session and creates a single host company","status":"passed","title":"logs in only this admin session and creates a single host company","duration":245.25525000000016,"failureMessages":[],"meta":{},"tags":[]},{"ancestorTitles":["company + service administration through the real HTTP server"],"fullName":"company + service administration through the real HTTP server redeems one-use invitations without inheriting service administration","status":"passed","title":"redeems one-use invitations without inheriting service administration","duration":602.5927499999998,"failureMessages":[],"meta":{},"tags":[]},{"ancestorTitles":["company + service administration through the real HTTP server"],"fullName":"company + service administration through the real HTTP server enforces private and shared revision access through actual routes","status":"passed","title":"enforces private and shared revision access through actual routes","duration":29.195416999999907,"failureMessages":[],"meta":{},"tags":[]},{"ancestorTitles":["company + service administration through the real HTTP server"],"fullName":"company + service administration through the real HTTP server preserves member sessions across service restart while revoking admin sessions","status":"passed","title":"preserves member sessions across service restart while revoking admin sessions","duration":337.19895899999983,"failureMessages":[],"meta":{},"tags":[]},{"ancestorTitles":["company + service administration through the real HTTP server"],"fullName":"company + service administration through the real HTTP server does not let service administration impersonate the owner or invalidate their session","status":"passed","title":"does not let service administration impersonate the owner or invalidate their session","duration":64.92883399999937,"failureMessages":[],"meta":{},"tags":[]},{"ancestorTitles":["company + service administration through the real HTTP server"],"fullName":"company + service administration through the real HTTP server reports damaged shared work as recovery through the full local HTTP boundary","status":"passed","title":"reports damaged shared work as recovery through the full local HTTP boundary","duration":52.458042000000205,"failureMessages":[],"meta":{},"tags":[]},{"ancestorTitles":["company + service administration through the real HTTP server"],"fullName":"company + service administration through the real HTTP server requires service entitlement for paid work while allowing records and revocation","status":"passed","title":"requires service entitlement for paid work while allowing records and revocation","duration":20.636915999999474,"failureMessages":[],"meta":{},"tags":[]}],"startTime":1789965400572,"endTime":1789965401980.637,"status":"passed","message":"","name":"/Users/yoda/projects/RealBud/server/company-host.test.ts"},{"assertionResults":[{"ancestorTitles":["office identity before session adoption"],"fullName":"office identity before session adoption rejects a different office on create without returning a token or writing identity","status":"passed","title":"rejects a different office on create without returning a token or writing identity","duration":40.06966700000001,"failureMessages":[],"meta":{},"tags":[]},{"ancestorTitles":["office identity before session adoption"],"fullName":"office identity before session adoption rejects a different office on join without returning a token or writing identity","status":"passed","title":"rejects a different office on join without returning a token or writing identity","duration":34.89841700000005,"failureMessages":[],"meta":{},"tags":[]},{"ancestorTitles":["office identity before session adoption"],"fullName":"office identity before session adoption rejects a different office on sign-in without returning a token or writing identity","status":"passed","title":"rejects a different office on sign-in without returning a token or writing identity","duration":35.16195799999997,"failureMessages":[],"meta":{},"tags":[]},{"ancestorTitles":["office identity before session adoption"],"fullName":"office identity before session adoption rejects a different office on recover-member without returning a token or writing identity","status":"passed","title":"rejects a different office on recover-member without returning a token or writing identity","duration":32.75325000000004,"failureMessages":[],"meta":{},"tags":[]},{"ancestorTitles":["office identity before session adoption"],"fullName":"office identity before session adoption rejects a successful session without a company identity","status":"passed","title":"rejects a successful session without a company identity","duration":30.98837500000002,"failureMessages":[],"meta":{},"tags":[]},{"ancestorTitles":["office identity before session adoption"],"fullName":"office identity before session adoption adopts the matching office once and refuses a different person without replacing saved work identity","status":"passed","title":"adopts the matching office once and refuses a different person without replacing saved work identity","duration":88.00591700000001,"failureMessages":[],"meta":{},"tags":[]},{"ancestorTitles":["office identity before session adoption"],"fullName":"office identity before session adoption does not adopt a member from an unauthenticated host connection check","status":"passed","title":"does not adopt a member from an unauthenticated host connection check","duration":33.919250000000034,"failureMessages":[],"meta":{},"tags":[]},{"ancestorTitles":["durable membership recovery"],"fullName":"durable membership recovery does not persist malformed enrollment and lets the original member recover after a rejected identity","status":"passed","title":"does not persist malformed enrollment and lets the original member recover after a rejected identity","duration":101.823667,"failureMessages":[],"meta":{},"tags":[]},{"ancestorTitles":["durable membership recovery"],"fullName":"durable membership recovery recovers lost enrollment after restart by signing in, without replaying the invitation","status":"passed","title":"recovers lost enrollment after restart by signing in, without replaying the invitation","duration":76.337625,"failureMessages":[],"meta":{},"tags":[]},{"ancestorTitles":["durable membership recovery"],"fullName":"durable membership recovery confirms a lost departure response after restart without trying to leave twice","status":"passed","title":"confirms a lost departure response after restart without trying to leave twice","duration":134.000625,"failureMessages":[],"meta":{},"tags":[]},{"ancestorTitles":["durable membership recovery"],"fullName":"durable membership recovery detaches an unavailable remote host only with explicit unknown-outcome acknowledgement","status":"passed","title":"detaches an unavailable remote host only with explicit unknown-outcome acknowledgement","duration":101.50533300000006,"failureMessages":[],"meta":{},"tags":[]},{"ancestorTitles":["durable membership recovery"],"fullName":"durable membership recovery preserves separate unknown-access receipts after joining and disconnecting from another office","status":"passed","title":"preserves separate unknown-access receipts after joining and disconnecting from another office","duration":253.8962090000001,"failureMessages":[],"meta":{},"tags":[]},{"ancestorTitles":["durable membership recovery"],"fullName":"durable membership recovery keeps the previous single encrypted receipt readable alongside later disconnects","status":"passed","title":"keeps the previous single encrypted receipt readable alongside later disconnects","duration":105.92541699999992,"failureMessages":[],"meta":{},"tags":[]},{"ancestorTitles":["durable membership recovery"],"fullName":"durable membership recovery finishes an interrupted local disconnect from its journal without losing or duplicating its receipt","status":"passed","title":"finishes an interrupted local disconnect from its journal without losing or duplicating its receipt","duration":86.09137499999997,"failureMessages":[],"meta":{},"tags":[]},{"ancestorTitles":["durable membership recovery"],"fullName":"durable membership recovery reports unreadable historical receipts without inventing a revoked-access result or removing them","status":"passed","title":"reports unreadable historical receipts without inventing a revoked-access result or removing them","duration":43.902917000000116,"failureMessages":[],"meta":{},"tags":[]},{"ancestorTitles":["durable membership recovery"],"fullName":"durable membership recovery re-pairs only the same office explicitly and preserves private and member identities","status":"passed","title":"re-pairs only the same office explicitly and preserves private and member identities","duration":90.95204199999989,"failureMessages":[],"meta":{},"tags":[]}],"startTime":1789965388364,"endTime":1789965389655.9521,"status":"passed","message":"","name":"/Users/yoda/projects/RealBud/server/company-installation-binding.test.ts"},{"assertionResults":[{"ancestorTitles":["host provisioning without an environment override"],"fullName":"host provisioning without an environment override provisions owned storage from the admitted runtime and reports it available","status":"passed","title":"provisions owned storage from the admitted runtime and reports it available","duration":3492.318625,"failureMessages":[],"meta":{},"tags":[]},{"ancestorTitles":["host provisioning without an environment override"],"fullName":"host provisioning without an environment override provisions from the runtime the installer staged, not the build machine","status":"passed","title":"provisions from the runtime the installer staged, not the build machine","duration":3064.758625,"failureMessages":[],"meta":{},"tags":[]},{"ancestorTitles":["host provisioning without an environment override"],"fullName":"host provisioning without an environment override records which runtime source was admitted, without a terminal step","status":"passed","title":"records which runtime source was admitted, without a terminal step","duration":2746.0963330000004,"failureMessages":[],"meta":{},"tags":[]}],"startTime":1789965378812,"endTime":1789965388115.0964,"status":"passed","message":"","name":"/Users/yoda/projects/RealBud/server/company-installation-provision.test.ts"},{"assertionResults":[{"ancestorTitles":["owned host setup and encrypted second-client joining"],"fullName":"owned host setup and encrypted second-client joining requires admin, creates a new owned database, then gives the owner independent sign-in","status":"passed","title":"requires admin, creates a new owned database, then gives the owner independent sign-in","duration":1809.319292,"failureMessages":[],"meta":{},"tags":[]},{"ancestorTitles":["owned host setup and encrypted second-client joining"],"fullName":"owned host setup and encrypted second-client joining enables company-only TLS and joins from an independent client with a one-use invitation","status":"passed","title":"enables company-only TLS and joins from an independent client with a one-use invitation","duration":344.320166,"failureMessages":[],"meta":{},"tags":[]},{"ancestorTitles":["owned host setup and encrypted second-client joining"],"fullName":"owned host setup and encrypted second-client joining puts reviewed work on the joined desktop and keeps private files on their own computers","status":"passed","title":"puts reviewed work on the joined desktop and keeps private files on their own computers","duration":81.98870899999974,"failureMessages":[],"meta":{},"tags":[]},{"ancestorTitles":["owned host setup and encrypted second-client joining"],"fullName":"owned host setup and encrypted second-client joining holds peer work during host loss and reconnects without re-pairing or replaying writes","status":"passed","title":"holds peer work during host loss and reconnects without re-pairing or replaying writes","duration":305.81812500000024,"failureMessages":[],"meta":{},"tags":[]},{"ancestorTitles":["owned host setup and encrypted second-client joining"],"fullName":"owned host setup and encrypted second-client joining reopens the same host and client, signs in again and preserves shared company data","status":"passed","title":"reopens the same host and client, signs in again and preserves shared company data","duration":199.69641599999977,"failureMessages":[],"meta":{},"tags":[]},{"ancestorTitles":["owned host setup and encrypted second-client joining"],"fullName":"owned host setup and encrypted second-client joining renews the host identity, leaves cleanly, and joins another office without changing private work","status":"passed","title":"renews the host identity, leaves cleanly, and joins another office without changing private work","duration":1364.4444170000006,"failureMessages":[],"meta":{},"tags":[]}],"startTime":1789965402556,"endTime":1789965406662.4443,"status":"passed","message":"","name":"/Users/yoda/projects/RealBud/server/company-installation.integration.test.ts"},{"assertionResults":[{"ancestorTitles":["native companion setup boundary"],"fullName":"native companion setup boundary restores the saved identity and refuses malformed identity instead of selecting the base","status":"passed","title":"restores the saved identity and refuses malformed identity instead of selecting the base","duration":36.038375,"failureMessages":[],"meta":{},"tags":[]},{"ancestorTitles":["native companion setup boundary"],"fullName":"native companion setup boundary offers joining without administrator keys or a local Postgres dependency","status":"passed","title":"offers joining without administrator keys or a local Postgres dependency","duration":36.08499999999998,"failureMessages":[],"meta":{},"tags":[]},{"ancestorTitles":["native companion setup boundary"],"fullName":"native companion setup boundary shows host setup to a signed-in administrator without an env-var binary path","status":"passed","title":"shows host setup to a signed-in administrator without an env-var binary path","duration":12.712125000000015,"failureMessages":[],"meta":{},"tags":[]},{"ancestorTitles":["native companion setup boundary"],"fullName":"native companion setup boundary never overwrites malformed saved host settings while retrying as administrator","status":"passed","title":"never overwrites malformed saved host settings while retrying as administrator","duration":18.48037499999998,"failureMessages":[],"meta":{},"tags":[]},{"ancestorTitles":["native companion setup boundary"],"fullName":"native companion setup boundary does not save an invalid pairing and leaves a valid retry possible","status":"passed","title":"does not save an invalid pairing and leaves a valid retry possible","duration":18.029792000000043,"failureMessages":[],"meta":{},"tags":[]},{"ancestorTitles":["native companion setup boundary"],"fullName":"native companion setup boundary denies all work once shutdown starts","status":"passed","title":"denies all work once shutdown starts","duration":17.90312499999999,"failureMessages":[],"meta":{},"tags":[]}],"startTime":1789965391655,"endTime":1789965391793.903,"status":"passed","message":"","name":"/Users/yoda/projects/RealBud/server/company-installation.test.ts"},{"assertionResults":[{"ancestorTitles":["durable reviewed sharing"],"fullName":"durable reviewed sharing recovers the same encrypted request after restart and never creates a second work item","status":"passed","title":"recovers the same encrypted request after restart and never creates a second work item","duration":151.2215,"failureMessages":[],"meta":{},"tags":[]},{"ancestorTitles":["durable reviewed sharing"],"fullName":"durable reviewed sharing holds edited or replacement attempts while outcome is unknown","status":"passed","title":"holds edited or replacement attempts while outcome is unknown","duration":40.78804200000002,"failureMessages":[],"meta":{},"tags":[]},{"ancestorTitles":["durable reviewed sharing"],"fullName":"durable reviewed sharing does not lose a confirmed original when the same request id is misused","status":"passed","title":"does not lose a confirmed original when the same request id is misused","duration":151.11766700000004,"failureMessages":[],"meta":{},"tags":[]},{"ancestorTitles":["durable reviewed sharing"],"fullName":"durable reviewed sharing archives unknown outcomes only with explicit acknowledgement, preserving a recoverable encrypted record","status":"passed","title":"archives unknown outcomes only with explicit acknowledgement, preserving a recoverable encrypted record","duration":158.17845899999998,"failureMessages":[],"meta":{},"tags":[]},{"ancestorTitles":["durable reviewed sharing"],"fullName":"durable reviewed sharing does not reveal a saved payload to a different authenticated office identity","status":"passed","title":"does not reveal a saved payload to a different authenticated office identity","duration":79.212583,"failureMessages":[],"meta":{},"tags":[]}],"startTime":1789965390623,"endTime":1789965391204.2126,"status":"passed","message":"","name":"/Users/yoda/projects/RealBud/server/company-outbox.test.ts"},{"assertionResults":[{"ancestorTitles":["owned office backup, standby restore and planned cutover"],"fullName":"owned office backup, standby restore and planned cutover requires service administration and the current owner, and never exposes recovery over TLS","status":"passed","title":"requires service administration and the current owner, and never exposes recovery over TLS","duration":68.77699999999982,"failureMessages":[],"meta":{},"tags":[]},{"ancestorTitles":["owned office backup, standby restore and planned cutover"],"fullName":"owned office backup, standby restore and planned cutover rejects damaged encryption and wrong passphrases without creating an office","status":"passed","title":"rejects damaged encryption and wrong passphrases without creating an office","duration":119.15879099999984,"failureMessages":[],"meta":{},"tags":[]},{"ancestorTitles":["owned office backup, standby restore and planned cutover"],"fullName":"owned office backup, standby restore and planned cutover restores only to an empty host, starts held, invalidates tokens and requires explicit owner cutover","status":"passed","title":"restores only to an empty host, starts held, invalidates tokens and requires explicit owner cutover","duration":387.4457090000001,"failureMessages":[],"meta":{},"tags":[]},{"ancestorTitles":["owned office backup, standby restore and planned cutover"],"fullName":"owned office backup, standby restore and planned cutover reconciles a restore receipt lost after the database commit","status":"passed","title":"reconciles a restore receipt lost after the database commit","duration":172.29833299999973,"failureMessages":[],"meta":{},"tags":[]},{"ancestorTitles":["owned office backup, standby restore and planned cutover"],"fullName":"owned office backup, standby restore and planned cutover keeps the retired source held across restart, including its existing TLS endpoint","status":"passed","title":"keeps the retired source held across restart, including its existing TLS endpoint","duration":270.9237089999997,"failureMessages":[],"meta":{},"tags":[]}],"startTime":1789965408801,"endTime":1789965409819.9238,"status":"passed","message":"","name":"/Users/yoda/projects/RealBud/server/company-recovery.integration.test.ts"},{"assertionResults":[{"ancestorTitles":["reviewed work between two department profiles"],"fullName":"reviewed work between two department profiles lists people without exposing credentials or opening their private work","status":"passed","title":"lists people without exposing credentials or opening their private work","duration":12.302041000000145,"failureMessages":[],"meta":{},"tags":[]},{"ancestorTitles":["reviewed work between two department profiles"],"fullName":"reviewed work between two department profiles creates one reviewed item over TLS despite simultaneous retries","status":"passed","title":"creates one reviewed item over TLS despite simultaneous retries","duration":85.00125000000003,"failureMessages":[],"meta":{},"tags":[]},{"ancestorTitles":["reviewed work between two department profiles"],"fullName":"reviewed work between two department profiles rejects forged authority and generic writes to the structured work record","status":"passed","title":"rejects forged authority and generic writes to the structured work record","duration":15.946957999999995,"failureMessages":[],"meta":{},"tags":[]},{"ancestorTitles":["reviewed work between two department profiles"],"fullName":"reviewed work between two department profiles preserves one response, detects stale edits and retains the sender’s exact summary","status":"passed","title":"preserves one response, detects stale edits and retains the sender’s exact summary","duration":15.931666999999834,"failureMessages":[],"meta":{},"tags":[]},{"ancestorTitles":["reviewed work between two department profiles"],"fullName":"reviewed work between two department profiles recovers a joined application from its saved host configuration and preserves private sources","status":"passed","title":"recovers a joined application from its saved host configuration and preserves private sources","duration":82.7784999999999,"failureMessages":[],"meta":{},"tags":[]},{"ancestorTitles":["reviewed work between two department profiles"],"fullName":"reviewed work between two department profiles closes collaboration without granting execution or claiming a payment happened","status":"passed","title":"closes collaboration without granting execution or claiming a payment happened","duration":36.037209000000075,"failureMessages":[],"meta":{},"tags":[]},{"ancestorTitles":["reviewed work between two department profiles"],"fullName":"reviewed work between two department profiles immediately removes work visibility and write access after a grant is revoked","status":"passed","title":"immediately removes work visibility and write access after a grant is revoked","duration":20.877500000000055,"failureMessages":[],"meta":{},"tags":[]},{"ancestorTitles":["reviewed work between two department profiles"],"fullName":"reviewed work between two department profiles requires the named recipient to accept a handoff and preserves the reviewed evidence and activity","status":"passed","title":"requires the named recipient to accept a handoff and preserves the reviewed evidence and activity","duration":134.89833299999987,"failureMessages":[],"meta":{},"tags":[]},{"ancestorTitles":["reviewed work between two department profiles"],"fullName":"reviewed work between two department profiles reassigns explicitly, resets acceptance, retains old replies and reconciles the original lost creation response","status":"passed","title":"reassigns explicitly, resets acceptance, retains old replies and reconciles the original lost creation response","duration":248.59833400000002,"failureMessages":[],"meta":{},"tags":[]}],"startTime":1789965411243,"endTime":1789965411895.5984,"status":"passed","message":"","name":"/Users/yoda/projects/RealBud/server/company-work.integration.test.ts"},{"assertionResults":[{"ancestorTitles":["office backup data integrity on real PostgreSQL"],"fullName":"office backup data integrity on real PostgreSQL rejects another office in the payload and rolls back rows already inserted","status":"passed","title":"rejects another office in the payload and rolls back rows already inserted","duration":93.5110830000001,"failureMessages":[],"meta":{},"tags":[]},{"ancestorTitles":["office backup data integrity on real PostgreSQL"],"fullName":"office backup data integrity on real PostgreSQL rejects unknown columns and incompatible migrations rather than executing uploaded instructions","status":"passed","title":"rejects unknown columns and incompatible migrations rather than executing uploaded instructions","duration":178.47033399999987,"failureMessages":[],"meta":{},"tags":[]},{"ancestorTitles":["office backup data integrity on real PostgreSQL"],"fullName":"office backup data integrity on real PostgreSQL restores data while fencing in-flight claims and revoking restored credentials for sessions","status":"passed","title":"restores data while fencing in-flight claims and revoking restored credentials for sessions","duration":116.86850000000004,"failureMessages":[],"meta":{},"tags":[]}],"startTime":1789965413769,"endTime":1789965414157.8684,"status":"passed","message":"","name":"/Users/yoda/projects/RealBud/server/company/backup.integration.test.ts"},{"assertionResults":[{"ancestorTitles":["department API over pinned office TLS"],"fullName":"department API over pinned office TLS authenticates, validates and persists department access across the reviewed LAN routes","status":"passed","title":"authenticates, validates and persists department access across the reviewed LAN routes","duration":53.56012499999997,"failureMessages":[],"meta":{},"tags":[]}],"startTime":1789965415675,"endTime":1789965415728.56,"status":"passed","message":"","name":"/Users/yoda/projects/RealBud/server/company/departments-transport.integration.test.ts"},{"assertionResults":[{"ancestorTitles":["explicit departments on real PostgreSQL"],"fullName":"explicit departments on real PostgreSQL lists only explicit departments and never exposes other offices or unrelated shared review scopes","status":"passed","title":"lists only explicit departments and never exposes other offices or unrelated shared review scopes","duration":41.94599999999991,"failureMessages":[],"meta":{},"tags":[]},{"ancestorTitles":["explicit departments on real PostgreSQL"],"fullName":"explicit departments on real PostgreSQL creates once after a lost response and rejects conflicting reuse and duplicate names","status":"passed","title":"creates once after a lost response and rejects conflicting reuse and duplicate names","duration":7.163416999999981,"failureMessages":[],"meta":{},"tags":[]},{"ancestorTitles":["explicit departments on real PostgreSQL"],"fullName":"explicit departments on real PostgreSQL enforces read-only then write then removal against real department records","status":"passed","title":"enforces read-only then write then removal against real department records","duration":17.967583999999988,"failureMessages":[],"meta":{},"tags":[]},{"ancestorTitles":["explicit departments on real PostgreSQL"],"fullName":"explicit departments on real PostgreSQL rejects simultaneous stale access edits and generic grant bypasses","status":"passed","title":"rejects simultaneous stale access edits and generic grant bypasses","duration":9.219291000000112,"failureMessages":[],"meta":{},"tags":[]},{"ancestorTitles":["explicit departments on real PostgreSQL"],"fullName":"explicit departments on real PostgreSQL binds management and implicit access to the current office owner without transferring private scopes","status":"passed","title":"binds management and implicit access to the current office owner without transferring private scopes","duration":16.643542000000025,"failureMessages":[],"meta":{},"tags":[]},{"ancestorTitles":["explicit departments on real PostgreSQL"],"fullName":"explicit departments on real PostgreSQL rejects revoked and foreign members and immediately holds work after edit access is removed","status":"passed","title":"rejects revoked and foreign members and immediately holds work after edit access is removed","duration":20.922834000000194,"failureMessages":[],"meta":{},"tags":[]},{"ancestorTitles":["explicit departments on real PostgreSQL"],"fullName":"explicit departments on real PostgreSQL paginates current members without silently excluding large offices","status":"passed","title":"paginates current members without silently excluding large offices","duration":13.59579100000019,"failureMessages":[],"meta":{},"tags":[]}],"startTime":1789965416929,"endTime":1789965417056.5957,"status":"passed","message":"","name":"/Users/yoda/projects/RealBud/server/company/departments.integration.test.ts"},{"assertionResults":[{"ancestorTitles":["company host identity"],"fullName":"company host identity creates a native certificate for the exact host and rejects a different private key","status":"passed","title":"creates a native certificate for the exact host and rejects a different private key","duration":71.31295800000001,"failureMessages":[],"meta":{},"tags":[]},{"ancestorTitles":["company host identity"],"fullName":"company host identity permits expired material only for local recovery, never new pairing or network admission","status":"passed","title":"permits expired material only for local recovery, never new pairing or network admission","duration":40.644499999999994,"failureMessages":[],"meta":{},"tags":[]},{"ancestorTitles":["company host identity"],"fullName":"company host identity pairs only with a matching HTTPS host without credentials, paths or extra fields","status":"passed","title":"pairs only with a matching HTTPS host without credentials, paths or extra fields","duration":55.482834,"failureMessages":[],"meta":{},"tags":[]}],"startTime":1789965390363,"endTime":1789965390530.483,"status":"passed","message":"","name":"/Users/yoda/projects/RealBud/server/company/host-certificate.test.ts"},{"assertionResults":[{"ancestorTitles":["Windows native PostgreSQL shutdown contract"],"fullName":"Windows native PostgreSQL shutdown contract uses pg_ctl only after matching the owned postmaster identity","status":"passed","title":"uses pg_ctl only after matching the owned postmaster identity","duration":13.49158300000002,"failureMessages":[],"meta":{},"tags":[]},{"ancestorTitles":["Windows native PostgreSQL shutdown contract"],"fullName":"Windows native PostgreSQL shutdown contract refuses a different postmaster and preserves the process","status":"passed","title":"refuses a different postmaster and preserves the process","duration":6.7347079999999835,"failureMessages":[],"meta":{},"tags":[]},{"ancestorTitles":["postgresBinary"],"fullName":"postgresBinary plans unix and windows executables without pretending an install exists","status":"passed","title":"plans unix and windows executables without pretending an install exists","duration":0.21541600000000471,"failureMessages":[],"meta":{},"tags":[]},{"ancestorTitles":["openOwnedPostgres"],"fullName":"openOwnedPostgres preserves unrelated files and refuses to adopt their directory","status":"passed","title":"preserves unrelated files and refuses to adopt their directory","duration":24.076750000000004,"failureMessages":[],"meta":{},"tags":[]},{"ancestorTitles":["openOwnedPostgres"],"fullName":"openOwnedPostgres preserves initialized data after cancellation and holds incomplete setup for recovery","status":"passed","title":"preserves initialized data after cancellation and holds incomplete setup for recovery","duration":59.168875000000014,"failureMessages":[],"meta":{},"tags":[]},{"ancestorTitles":["openOwnedPostgres"],"fullName":"openOwnedPostgres rejects an already aborted signal before touching binaries","status":"passed","title":"rejects an already aborted signal before touching binaries","duration":0.257082999999966,"failureMessages":[],"meta":{},"tags":[]},{"ancestorTitles":["openOwnedPostgres"],"fullName":"openOwnedPostgres refuses an occupied loopback port","status":"passed","title":"refuses an occupied loopback port","duration":1.8512499999999932,"failureMessages":[],"meta":{},"tags":[]},{"ancestorTitles":["openOwnedPostgres"],"fullName":"openOwnedPostgres requires operator recovery for a stale wx lock and never treats PID as safety","status":"passed","title":"requires operator recovery for a stale wx lock and never treats PID as safety","duration":6.908457999999996,"failureMessages":[],"meta":{},"tags":[]},{"ancestorTitles":["openOwnedPostgres"],"fullName":"openOwnedPostgres refuses a symbolic-link root","status":"passed","title":"refuses a symbolic-link root","duration":5.030083000000047,"failureMessages":[],"meta":{},"tags":[]},{"ancestorTitles":["openOwnedPostgres"],"fullName":"openOwnedPostgres fails closed on unfinished setup and unrelated data directories","status":"passed","title":"fails closed on unfinished setup and unrelated data directories","duration":12.657375000000002,"failureMessages":[],"meta":{},"tags":[]},{"ancestorTitles":["openOwnedPostgres"],"fullName":"openOwnedPostgres rejects a trusted binary that is not PostgreSQL 16","status":"passed","title":"rejects a trusted binary that is not PostgreSQL 16","duration":8.831250000000011,"failureMessages":[],"meta":{},"tags":[]},{"ancestorTitles":["openOwnedPostgres"],"fullName":"openOwnedPostgres refuses leftover postmaster.pid instead of adopting it","status":"passed","title":"refuses leftover postmaster.pid instead of adopting it","duration":10.466415999999981,"failureMessages":[],"meta":{},"tags":[]},{"ancestorTitles":["openOwnedPostgres"],"fullName":"openOwnedPostgres first-boots with argv execFile, static conf, scram hba, then reopens the same data","status":"passed","title":"first-boots with argv execFile, static conf, scram hba, then reopens the same data","duration":86.87033300000002,"failureMessages":[],"meta":{},"tags":[]},{"ancestorTitles":["openOwnedPostgres"],"fullName":"openOwnedPostgres redacts credentials on failure and never wipes the data directory","status":"passed","title":"redacts credentials on failure and never wipes the data directory","duration":32.28125,"failureMessages":[],"meta":{},"tags":[]}],"startTime":1789965391964,"endTime":1789965392233.2812,"status":"passed","message":"","name":"/Users/yoda/projects/RealBud/server/company/host-runtime.test.ts"},{"assertionResults":[{"ancestorTitles":["company host transport"],"fullName":"company host transport carries reviewed work over the same pinned member channel without admitting new methods","status":"passed","title":"carries reviewed work over the same pinned member channel without admitting new methods","duration":32.568250000000006,"failureMessages":[],"meta":{},"tags":[]},{"ancestorTitles":["company host transport"],"fullName":"company host transport bounds large collaboration responses independently from request limits","status":"passed","title":"bounds large collaboration responses independently from request limits","duration":5.021542000000011,"failureMessages":[],"meta":{},"tags":[]},{"ancestorTitles":["company host transport"],"fullName":"company host transport exports a stable SHA-256 DER fingerprint","status":"passed","title":"exports a stable SHA-256 DER fingerprint","duration":0.2615830000000017,"failureMessages":[],"meta":{},"tags":[]},{"ancestorTitles":["company host transport"],"fullName":"company host transport matching pin success forwards JSON and omits CORS wildcards","status":"passed","title":"matching pin success forwards JSON and omits CORS wildcards","duration":6.217207999999999,"failureMessages":[],"meta":{},"tags":[]},{"ancestorTitles":["company host transport"],"fullName":"company host transport wrong CA/pin never calls handle and does not send the member token","status":"passed","title":"wrong CA/pin never calls handle and does not send the member token","duration":3.215584000000007,"failureMessages":[],"meta":{},"tags":[]},{"ancestorTitles":["company host transport"],"fullName":"company host transport hostname mismatch never calls handle","status":"passed","title":"hostname mismatch never calls handle","duration":2.5846659999999986,"failureMessages":[],"meta":{},"tags":[]},{"ancestorTitles":["company host transport"],"fullName":"company host transport never follows redirects and does not hit the Location target","status":"passed","title":"never follows redirects and does not hit the Location target","duration":2.879334,"failureMessages":[],"meta":{},"tags":[]},{"ancestorTitles":["company host transport"],"fullName":"company host transport forwards only x-realbud-member-session and rejects browser origin","status":"passed","title":"forwards only x-realbud-member-session and rejects browser origin","duration":3.62170900000001,"failureMessages":[],"meta":{},"tags":[]},{"ancestorTitles":["company host transport"],"fullName":"company host transport GET /create is forbidden","status":"passed","title":"GET /create is forbidden","duration":2.4691250000000196,"failureMessages":[],"meta":{},"tags":[]},{"ancestorTitles":["company host transport"],"fullName":"company host transport POST /setup is forbidden","status":"passed","title":"POST /setup is forbidden","duration":2.1140000000000043,"failureMessages":[],"meta":{},"tags":[]},{"ancestorTitles":["company host transport"],"fullName":"company host transport POST /recover-owner is forbidden","status":"passed","title":"POST /recover-owner is forbidden","duration":1.6510000000000105,"failureMessages":[],"meta":{},"tags":[]},{"ancestorTitles":["company host transport"],"fullName":"company host transport GET /admin is forbidden","status":"passed","title":"GET /admin is forbidden","duration":1.7912080000000117,"failureMessages":[],"meta":{},"tags":[]},{"ancestorTitles":["company host transport"],"fullName":"company host transport GET /settings is forbidden","status":"passed","title":"GET /settings is forbidden","duration":1.7554159999999968,"failureMessages":[],"meta":{},"tags":[]},{"ancestorTitles":["company host transport"],"fullName":"company host transport GET /api is forbidden","status":"passed","title":"GET /api is forbidden","duration":1.7127089999999896,"failureMessages":[],"meta":{},"tags":[]},{"ancestorTitles":["company host transport"],"fullName":"company host transport GET /session is forbidden","status":"passed","title":"GET /session is forbidden","duration":1.8184579999999926,"failureMessages":[],"meta":{},"tags":[]},{"ancestorTitles":["company host transport"],"fullName":"company host transport GET /Ask is forbidden","status":"passed","title":"GET /Ask is forbidden","duration":1.5576250000000016,"failureMessages":[],"meta":{},"tags":[]},{"ancestorTitles":["company host transport"],"fullName":"company host transport GET /Desk is forbidden","status":"passed","title":"GET /Desk is forbidden","duration":1.6963750000000175,"failureMessages":[],"meta":{},"tags":[]},{"ancestorTitles":["company host transport"],"fullName":"company host transport GET /status/ is forbidden","status":"passed","title":"GET /status/ is forbidden","duration":1.8820420000000126,"failureMessages":[],"meta":{},"tags":[]},{"ancestorTitles":["company host transport"],"fullName":"company host transport GET //status is forbidden","status":"passed","title":"GET //status is forbidden","duration":1.7748750000000086,"failureMessages":[],"meta":{},"tags":[]},{"ancestorTitles":["company host transport"],"fullName":"company host transport GET /status?x=1 is forbidden","status":"passed","title":"GET /status?x=1 is forbidden","duration":1.9352910000000065,"failureMessages":[],"meta":{},"tags":[]},{"ancestorTitles":["company host transport"],"fullName":"company host transport POST /cases/claim/../claim is forbidden","status":"passed","title":"POST /cases/claim/../claim is forbidden","duration":1.7512499999999989,"failureMessages":[],"meta":{},"tags":[]},{"ancestorTitles":["company host transport"],"fullName":"company host transport rejects malformed and oversized JSON without calling handle","status":"passed","title":"rejects malformed and oversized JSON without calling handle","duration":3.6140829999999937,"failureMessages":[],"meta":{},"tags":[]},{"ancestorTitles":["company host transport"],"fullName":"company host transport honors cancellation before completion","status":"passed","title":"honors cancellation before completion","duration":0.981583999999998,"failureMessages":[],"meta":{},"tags":[]},{"ancestorTitles":["company host transport"],"fullName":"company host transport ends a request at its deadline when the host handler never replies","status":"passed","title":"ends a request at its deadline when the host handler never replies","duration":101.45904099999998,"failureMessages":[],"meta":{},"tags":[]},{"ancestorTitles":["company host transport"],"fullName":"company host transport rejects http, userinfo, query, and path-bearing origins","status":"passed","title":"rejects http, userinfo, query, and path-bearing origins","duration":0.3378749999999968,"failureMessages":[],"meta":{},"tags":[]}],"startTime":1789965389807,"endTime":1789965389994.459,"status":"passed","message":"","name":"/Users/yoda/projects/RealBud/server/company/host-transport.test.ts"},{"assertionResults":[{"ancestorTitles":["prepareInitialCredential"],"fullName":"prepareInitialCredential normalizes login name and returns matching verifier and recovery secret","status":"passed","title":"normalizes login name and returns matching verifier and recovery secret","duration":111.18929200000001,"failureMessages":[],"meta":{},"tags":[]},{"ancestorTitles":["prepareInitialCredential"],"fullName":"prepareInitialCredential rejects malformed and extra fields without mutating input","status":"passed","title":"rejects malformed and extra fields without mutating input","duration":1.2325419999999951,"failureMessages":[],"meta":{},"tags":[]}],"startTime":1789965391307,"endTime":1789965391419.2324,"status":"passed","message":"","name":"/Users/yoda/projects/RealBud/server/company/initial-credential.test.ts"},{"assertionResults":[{"ancestorTitles":["atomic initial enrollment"],"fullName":"atomic initial enrollment lets an owner credential sign in from another kernel after the founding session is revoked","status":"passed","title":"lets an owner credential sign in from another kernel after the founding session is revoked","duration":114.05024999999999,"failureMessages":[],"meta":{},"tags":[]},{"ancestorTitles":["atomic initial enrollment"],"fullName":"atomic initial enrollment lets a joining member sign in and recover the same identity","status":"passed","title":"lets a joining member sign in and recover the same identity","duration":193.01841599999997,"failureMessages":[],"meta":{},"tags":[]},{"ancestorTitles":["atomic initial enrollment"],"fullName":"atomic initial enrollment rejects malformed credentials without creating a company or consuming an invitation","status":"passed","title":"rejects malformed credentials without creating a company or consuming an invitation","duration":4.854874999999993,"failureMessages":[],"meta":{},"tags":[]},{"ancestorTitles":["atomic initial enrollment"],"fullName":"atomic initial enrollment rejects a case-insensitive duplicate username on join without extra durable rows","status":"passed","title":"rejects a case-insensitive duplicate username on join without extra durable rows","duration":106.60516600000005,"failureMessages":[],"meta":{},"tags":[]},{"ancestorTitles":["atomic initial enrollment"],"fullName":"atomic initial enrollment allows only one concurrent join for the same username and keeps the other invitation usable","status":"passed","title":"allows only one concurrent join for the same username and keeps the other invitation usable","duration":240.47870799999998,"failureMessages":[],"meta":{},"tags":[]}],"startTime":1789965417326,"endTime":1789965417985.4788,"status":"passed","message":"","name":"/Users/yoda/projects/RealBud/server/company/initial-enrollment.integration.test.ts"},{"assertionResults":[{"ancestorTitles":["durable independent member authentication"],"fullName":"durable independent member authentication signs back into the same owner identity and private knowledge after logout","status":"passed","title":"signs back into the same owner identity and private knowledge after logout","duration":118.52087500000002,"failureMessages":[],"meta":{},"tags":[]},{"ancestorTitles":["durable independent member authentication"],"fullName":"durable independent member authentication commits failed attempts across kernels and casing, then permits sign-in after the block expires","status":"passed","title":"commits failed attempts across kernels and casing, then permits sign-in after the block expires","duration":385.601459,"failureMessages":[],"meta":{},"tags":[]},{"ancestorTitles":["durable independent member authentication"],"fullName":"durable independent member authentication allows exactly one concurrent recovery and revokes previous sessions without changing identity","status":"passed","title":"allows exactly one concurrent recovery and revokes previous sessions without changing identity","duration":145.31425000000002,"failureMessages":[],"meta":{},"tags":[]},{"ancestorTitles":["durable independent member authentication"],"fullName":"durable independent member authentication requires the current password for changes and retires other sessions and the old recovery key","status":"passed","title":"requires the current password for changes and retires other sessions and the old recovery key","duration":279.58795799999996,"failureMessages":[],"meta":{},"tags":[]},{"ancestorTitles":["durable independent member authentication"],"fullName":"durable independent member authentication blocks password and recovery access after membership revocation, with no administrator impersonation route","status":"passed","title":"blocks password and recovery access after membership revocation, with no administrator impersonation route","duration":188.9252080000001,"failureMessages":[],"meta":{},"tags":[]},{"ancestorTitles":["durable independent member authentication"],"fullName":"durable independent member authentication checks the additive credential migration checksum while preserving the original migration","status":"passed","title":"checks the additive credential migration checksum while preserving the original migration","duration":3.7596249999999145,"failureMessages":[],"meta":{},"tags":[]}],"startTime":1789965418133,"endTime":1789965419254.7595,"status":"passed","message":"","name":"/Users/yoda/projects/RealBud/server/company/member-auth.integration.test.ts"},{"assertionResults":[{"ancestorTitles":["member credential helpers"],"fullName":"member credential helpers lowercases conservative ASCII login names and rejects the rest","status":"passed","title":"lowercases conservative ASCII login names and rejects the rest","duration":0.8496659999999991,"failureMessages":[],"meta":{},"tags":[]},{"ancestorTitles":["member credential helpers"],"fullName":"member credential helpers requires passwords between 12 and 256 characters","status":"passed","title":"requires passwords between 12 and 256 characters","duration":0.10625000000000284,"failureMessages":[],"meta":{},"tags":[]},{"ancestorTitles":["member credential helpers"],"fullName":"member credential helpers derives a bounded scrypt verifier without persisting the password","status":"passed","title":"derives a bounded scrypt verifier without persisting the password","duration":183.47212500000003,"failureMessages":[],"meta":{},"tags":[]},{"ancestorTitles":["member credential helpers"],"fullName":"member credential helpers hashes recovery keys one-way","status":"passed","title":"hashes recovery keys one-way","duration":0.8248330000000124,"failureMessages":[],"meta":{},"tags":[]},{"ancestorTitles":["member credential helpers"],"fullName":"member credential helpers rejects extra KDF work instead of queueing","status":"passed","title":"rejects extra KDF work instead of queueing","duration":1.3251670000000217,"failureMessages":[],"meta":{},"tags":[]}],"startTime":1789965390081,"endTime":1789965390268.3252,"status":"passed","message":"","name":"/Users/yoda/projects/RealBud/server/company/member-credentials.test.ts"},{"assertionResults":[{"ancestorTitles":["membership lifecycle on real PostgreSQL"],"fullName":"membership lifecycle on real PostgreSQL restricts management and offers to this office owner","status":"passed","title":"restricts management and offers to this office owner","duration":21.99304099999995,"failureMessages":[],"meta":{},"tags":[]},{"ancestorTitles":["membership lifecycle on real PostgreSQL"],"fullName":"membership lifecycle on real PostgreSQL requires recipient acceptance, changes authority atomically and preserves private scopes","status":"passed","title":"requires recipient acceptance, changes authority atomically and preserves private scopes","duration":11.457416999999964,"failureMessages":[],"meta":{},"tags":[]},{"ancestorTitles":["membership lifecycle on real PostgreSQL"],"fullName":"membership lifecycle on real PostgreSQL denies cancelled, expired and revoked-recipient transfers","status":"passed","title":"denies cancelled, expired and revoked-recipient transfers","duration":8.29849999999999,"failureMessages":[],"meta":{},"tags":[]},{"ancestorTitles":["membership lifecycle on real PostgreSQL"],"fullName":"membership lifecycle on real PostgreSQL serializes owner acceptance against revocation without leaving two owners or a revoked owner","status":"passed","title":"serializes owner acceptance against revocation without leaving two owners or a revoked owner","duration":6.052749999999946,"failureMessages":[],"meta":{},"tags":[]},{"ancestorTitles":["membership lifecycle on real PostgreSQL"],"fullName":"membership lifecycle on real PostgreSQL serializes departure against new shared work so a successful write cannot be orphaned","status":"passed","title":"serializes departure against new shared work so a successful write cannot be orphaned","duration":6.332749999999919,"failureMessages":[],"meta":{},"tags":[]},{"ancestorTitles":["membership lifecycle on real PostgreSQL"],"fullName":"membership lifecycle on real PostgreSQL blocks unresolved shared work, then revokes every session and records a private departure receipt","status":"passed","title":"blocks unresolved shared work, then revokes every session and records a private departure receipt","duration":16.506665999999996,"failureMessages":[],"meta":{},"tags":[]}],"startTime":1789965420149,"endTime":1789965420219.5066,"status":"passed","message":"","name":"/Users/yoda/projects/RealBud/server/company/membership.integration.test.ts"},{"assertionResults":[{"ancestorTitles":["independent agency authority over real PostgreSQL and pinned TLS"],"fullName":"independent agency authority over real PostgreSQL and pinned TLS binds credentials, invitations, records and department permissions to the selected office","status":"passed","title":"binds credentials, invitations, records and department permissions to the selected office","duration":420.54429200000004,"failureMessages":[],"meta":{},"tags":[]},{"ancestorTitles":["independent agency authority over real PostgreSQL and pinned TLS"],"fullName":"independent agency authority over real PostgreSQL and pinned TLS keeps LAN callers outside service administration, device enrollment and agent execution","status":"passed","title":"keeps LAN callers outside service administration, device enrollment and agent execution","duration":21.641959000000043,"failureMessages":[],"meta":{},"tags":[]},{"ancestorTitles":["independent agency authority over real PostgreSQL and pinned TLS"],"fullName":"independent agency authority over real PostgreSQL and pinned TLS revokes every member session and recovery route while holding uncertain work and preserving the other office","status":"passed","title":"revokes every member session and recovery route while holding uncertain work and preserving the other office","duration":177.97045799999978,"failureMessages":[],"meta":{},"tags":[]}],"startTime":1789965422460,"endTime":1789965423080.9705,"status":"passed","message":"","name":"/Users/yoda/projects/RealBud/server/company/multi-agency-transport.integration.test.ts"},{"assertionResults":[{"ancestorTitles":["admitted PostgreSQL runtime"],"fullName":"admitted PostgreSQL runtime admits a runtime that provides every required executable and reports 16","status":"passed","title":"admits a runtime that provides every required executable and reports 16","duration":13.526916999999997,"failureMessages":[],"meta":{},"tags":[]},{"ancestorTitles":["admitted PostgreSQL runtime"],"fullName":"admitted PostgreSQL runtime rejects a runtime missing any required executable","status":"passed","title":"rejects a runtime missing any required executable","duration":33.10354100000001,"failureMessages":[],"meta":{},"tags":[]},{"ancestorTitles":["admitted PostgreSQL runtime"],"fullName":"admitted PostgreSQL runtime rejects a non-16 runtime rather than adopting a newer or older cluster","status":"passed","title":"rejects a non-16 runtime rather than adopting a newer or older cluster","duration":38.73333299999999,"failureMessages":[],"meta":{},"tags":[]},{"ancestorTitles":["admitted PostgreSQL runtime"],"fullName":"admitted PostgreSQL runtime rejects a symlinked executable so an update cannot repoint the database binary","status":"passed","title":"rejects a symlinked executable so an update cannot repoint the database binary","duration":1.632000000000005,"failureMessages":[],"meta":{},"tags":[]},{"ancestorTitles":["admitted PostgreSQL runtime"],"fullName":"admitted PostgreSQL runtime rejects a directory that does not exist","status":"passed","title":"rejects a directory that does not exist","duration":0.3728749999999934,"failureMessages":[],"meta":{},"tags":[]},{"ancestorTitles":["admitted PostgreSQL runtime"],"fullName":"admitted PostgreSQL runtime reports the bundled source it admitted","status":"passed","title":"reports the bundled source it admitted","duration":12.107249999999993,"failureMessages":[],"meta":{},"tags":[]},{"ancestorTitles":["admitted PostgreSQL runtime"],"fullName":"admitted PostgreSQL runtime reports the configured source it admitted","status":"passed","title":"reports the configured source it admitted","duration":9.681749999999965,"failureMessages":[],"meta":{},"tags":[]},{"ancestorTitles":["admitted PostgreSQL runtime"],"fullName":"admitted PostgreSQL runtime reports the system source it admitted","status":"passed","title":"reports the system source it admitted","duration":5.000583000000006,"failureMessages":[],"meta":{},"tags":[]},{"ancestorTitles":["runtime discovery order"],"fullName":"runtime discovery order lets an explicit override win over a bundled runtime and never probes PATH","status":"passed","title":"lets an explicit override win over a bundled runtime and never probes PATH","duration":16.726374999999962,"failureMessages":[],"meta":{},"tags":[]},{"ancestorTitles":["runtime discovery order"],"fullName":"runtime discovery order fails closed with staff-facing copy when no runtime is admitted","status":"passed","title":"fails closed with staff-facing copy when no runtime is admitted","duration":0.9242499999999723,"failureMessages":[],"meta":{},"tags":[]},{"ancestorTitles":["runtime discovery order"],"fullName":"runtime discovery order names the missing runtime without telling staff to use a terminal","status":"passed","title":"names the missing runtime without telling staff to use a terminal","duration":0.5943750000000136,"failureMessages":[],"meta":{},"tags":[]},{"ancestorTitles":["resources directory resolution"],"fullName":"resources directory resolution derives the resources root from the UI directory Electron passes","status":"passed","title":"derives the resources root from the UI directory Electron passes","duration":0.09804199999996399,"failureMessages":[],"meta":{},"tags":[]},{"ancestorTitles":["resources directory resolution"],"fullName":"resources directory resolution honours an explicit resources override for staged installers","status":"passed","title":"honours an explicit resources override for staged installers","duration":0.044666000000006534,"failureMessages":[],"meta":{},"tags":[]},{"ancestorTitles":["resources directory resolution"],"fullName":"resources directory resolution reports no bundled location when the server runs outside the desktop app","status":"passed","title":"reports no bundled location when the server runs outside the desktop app","duration":0.04050000000000864,"failureMessages":[],"meta":{},"tags":[]},{"ancestorTitles":["untrusted runtime layout"],"fullName":"untrusted runtime layout does not read a version from a directory that only looks like a runtime","status":"passed","title":"does not read a version from a directory that only looks like a runtime","duration":0.7471249999999827,"failureMessages":[],"meta":{},"tags":[]}],"startTime":1789965392408,"endTime":1789965392541.747,"status":"passed","message":"","name":"/Users/yoda/projects/RealBud/server/company/postgres-runtime.test.ts"},{"assertionResults":[{"ancestorTitles":["company kernel on real PostgreSQL"],"fullName":"company kernel on real PostgreSQL refuses superuser runtime credentials and checks migration checksums","status":"passed","title":"refuses superuser runtime credentials and checks migration checksums","duration":18.720792000000003,"failureMessages":[],"meta":{},"tags":[]},{"ancestorTitles":["company kernel on real PostgreSQL"],"fullName":"company kernel on real PostgreSQL serializes single-host bootstrap and persists the resulting office","status":"passed","title":"serializes single-host bootstrap and persists the resulting office","duration":67.347083,"failureMessages":[],"meta":{},"tags":[]},{"ancestorTitles":["company kernel on real PostgreSQL"],"fullName":"company kernel on real PostgreSQL stores only token hashes and redeems one invitation exactly once across pools","status":"passed","title":"stores only token hashes and redeems one invitation exactly once across pools","duration":35.133250000000004,"failureMessages":[],"meta":{},"tags":[]},{"ancestorTitles":["company kernel on real PostgreSQL"],"fullName":"company kernel on real PostgreSQL rejects expired/revoked invitations and revoked/expired sessions","status":"passed","title":"rejects expired/revoked invitations and revoked/expired sessions","duration":44.81137499999997,"failureMessages":[],"meta":{},"tags":[]},{"ancestorTitles":["company kernel on real PostgreSQL"],"fullName":"company kernel on real PostgreSQL holds owner recovery without owner proof, preserving sessions and private confidentiality","status":"passed","title":"holds owner recovery without owner proof, preserving sessions and private confidentiality","duration":22.437999999999988,"failureMessages":[],"meta":{},"tags":[]},{"ancestorTitles":["company kernel on real PostgreSQL"],"fullName":"company kernel on real PostgreSQL keeps private scopes private even from the company owner and separates companies","status":"passed","title":"keeps private scopes private even from the company owner and separates companies","duration":34.89387500000004,"failureMessages":[],"meta":{},"tags":[]},{"ancestorTitles":["company kernel on real PostgreSQL"],"fullName":"company kernel on real PostgreSQL serializes competing first knowledge revisions and preserves revision history","status":"passed","title":"serializes competing first knowledge revisions and preserves revision history","duration":55.05683400000004,"failureMessages":[],"meta":{},"tags":[]},{"ancestorTitles":["company kernel on real PostgreSQL"],"fullName":"company kernel on real PostgreSQL rejects concurrent stale grant edits and reads after revocation across warm instances","status":"passed","title":"rejects concurrent stale grant edits and reads after revocation across warm instances","duration":49.403209000000004,"failureMessages":[],"meta":{},"tags":[]},{"ancestorTitles":["company kernel on real PostgreSQL"],"fullName":"company kernel on real PostgreSQL RLS hides private content and pooled transaction actor context clears on success and failure","status":"passed","title":"RLS hides private content and pooled transaction actor context clears on success and failure","duration":25.246542000000034,"failureMessages":[],"meta":{},"tags":[]},{"ancestorTitles":["company kernel on real PostgreSQL"],"fullName":"company kernel on real PostgreSQL allows one case claimant, renews its lease and fences a released generation","status":"passed","title":"allows one case claimant, renews its lease and fences a released generation","duration":33.25491600000004,"failureMessages":[],"meta":{},"tags":[]},{"ancestorTitles":["company kernel on real PostgreSQL"],"fullName":"company kernel on real PostgreSQL holds an expired claim and refuses late renewal or completion","status":"passed","title":"holds an expired claim and refuses late renewal or completion","duration":24.38024999999999,"failureMessages":[],"meta":{},"tags":[]},{"ancestorTitles":["company kernel on real PostgreSQL"],"fullName":"company kernel on real PostgreSQL revokes members without releasing unsettled work to another claimant","status":"passed","title":"revokes members without releasing unsettled work to another claimant","duration":23.448667000000057,"failureMessages":[],"meta":{},"tags":[]},{"ancestorTitles":["company kernel on real PostgreSQL"],"fullName":"company kernel on real PostgreSQL fences active work when editing access is removed, even if access is later restored ('read')","status":"passed","title":"fences active work when editing access is removed, even if access is later restored ('read')","duration":28.76699999999994,"failureMessages":[],"meta":{},"tags":[]},{"ancestorTitles":["company kernel on real PostgreSQL"],"fullName":"company kernel on real PostgreSQL fences active work when editing access is removed, even if access is later restored ('none')","status":"passed","title":"fences active work when editing access is removed, even if access is later restored ('none')","duration":28.058333999999945,"failureMessages":[],"meta":{},"tags":[]},{"ancestorTitles":["company kernel on real PostgreSQL"],"fullName":"company kernel on real PostgreSQL preserves claims when editing authority remains and does not affect another scope","status":"passed","title":"preserves claims when editing authority remains and does not affect another scope","duration":36.09579199999996,"failureMessages":[],"meta":{},"tags":[]},{"ancestorTitles":["company kernel on real PostgreSQL"],"fullName":"company kernel on real PostgreSQL concurrent session revocations are idempotent without a lock-upgrade deadlock","status":"passed","title":"concurrent session revocations are idempotent without a lock-upgrade deadlock","duration":15.006208000000015,"failureMessages":[],"meta":{},"tags":[]},{"ancestorTitles":["company kernel on real PostgreSQL"],"fullName":"company kernel on real PostgreSQL member revocation waits for an already-authorized write then denies every later write","status":"passed","title":"member revocation waits for an already-authorized write then denies every later write","duration":31.160499999999956,"failureMessages":[],"meta":{},"tags":[]}],"startTime":1789965423528,"endTime":1789965424102.1604,"status":"passed","message":"","name":"/Users/yoda/projects/RealBud/server/company/postgres.integration.test.ts"},{"assertionResults":[{"ancestorTitles":["company shared work items on PostgreSQL"],"fullName":"company shared work items on PostgreSQL shares only to named recipients and leaves private knowledge untouched","status":"passed","title":"shares only to named recipients and leaves private knowledge untouched","duration":37.97824999999999,"failureMessages":[],"meta":{},"tags":[]},{"ancestorTitles":["company shared work items on PostgreSQL"],"fullName":"company shared work items on PostgreSQL retains readable legacy work, upgrades it on an explicit action, and rejects another company","status":"passed","title":"retains readable legacy work, upgrades it on an explicit action, and rejects another company","duration":19.15425000000002,"failureMessages":[],"meta":{},"tags":[]},{"ancestorTitles":["company shared work items on PostgreSQL"],"fullName":"company shared work items on PostgreSQL pages immutable history and does not let a non-assigned audience member provide the named review","status":"passed","title":"pages immutable history and does not let a non-assigned audience member provide the named review","duration":55.102750000000015,"failureMessages":[],"meta":{},"tags":[]},{"ancestorTitles":["company shared work items on PostgreSQL"],"fullName":"company shared work items on PostgreSQL replays identical requests, rejects collisions and stale replies, and closes in-band","status":"passed","title":"replays identical requests, rejects collisions and stale replies, and closes in-band","duration":18.783874999999995,"failureMessages":[],"meta":{},"tags":[]},{"ancestorTitles":["company shared work items on PostgreSQL"],"fullName":"company shared work items on PostgreSQL drops visibility when grants are removed or the recipient is revoked","status":"passed","title":"drops visibility when grants are removed or the recipient is revoked","duration":14.291875000000005,"failureMessages":[],"meta":{},"tags":[]},{"ancestorTitles":["company shared work items on PostgreSQL"],"fullName":"company shared work items on PostgreSQL reports current viewer actions and refuses a stale writer after a read-only downgrade","status":"passed","title":"reports current viewer actions and refuses a stale writer after a read-only downgrade","duration":11.115417000000008,"failureMessages":[],"meta":{},"tags":[]},{"ancestorTitles":["company shared work items on PostgreSQL"],"fullName":"company shared work items on PostgreSQL pages within the chosen audience without hiding older open work behind sent items","status":"passed","title":"pages within the chosen audience without hiding older open work behind sent items","duration":33.802042,"failureMessages":[],"meta":{},"tags":[]},{"ancestorTitles":["company shared work items on PostgreSQL"],"fullName":"company shared work items on PostgreSQL reports damaged shared records instead of silently showing an empty list","status":"passed","title":"reports damaged shared records instead of silently showing an empty list","duration":7.633582999999987,"failureMessages":[],"meta":{},"tags":[]},{"ancestorTitles":["company shared work items on PostgreSQL"],"fullName":"company shared work items on PostgreSQL does not let generic case APIs alias shared work or turn a review into a worker claim","status":"passed","title":"does not let generic case APIs alias shared work or turn a review into a worker claim","duration":6.855874999999969,"failureMessages":[],"meta":{},"tags":[]},{"ancestorTitles":["company shared work items on PostgreSQL"],"fullName":"company shared work items on PostgreSQL preserves the exact reviewed whitespace and canonicalizes UUID casing","status":"passed","title":"preserves the exact reviewed whitespace and canonicalizes UUID casing","duration":3.9438749999999914,"failureMessages":[],"meta":{},"tags":[]},{"ancestorTitles":["company shared work items on PostgreSQL"],"fullName":"company shared work items on PostgreSQL handles overlapping recipients and revocation, then replays a saved request with its reduced audience","status":"passed","title":"handles overlapping recipients and revocation, then replays a saved request with its reduced audience","duration":7.354083000000003,"failureMessages":[],"meta":{},"tags":[]}],"startTime":1789965424212,"endTime":1789965424428.354,"status":"passed","message":"","name":"/Users/yoda/projects/RealBud/server/company/work-items.integration.test.ts"},{"assertionResults":[{"ancestorTitles":["company workflow templates on PostgreSQL"],"fullName":"company workflow templates on PostgreSQL shares dormant plans with a second member and preserves the template in a new kernel","status":"passed","title":"shares dormant plans with a second member and preserves the template in a new kernel","duration":18.247208999999998,"failureMessages":[],"meta":{},"tags":[]},{"ancestorTitles":["company workflow templates on PostgreSQL"],"fullName":"company workflow templates on PostgreSQL rejects member publication, revoked reads and cross-company visibility","status":"passed","title":"rejects member publication, revoked reads and cross-company visibility","duration":9.194374999999994,"failureMessages":[],"meta":{},"tags":[]},{"ancestorTitles":["company workflow templates on PostgreSQL"],"fullName":"company workflow templates on PostgreSQL admits one concurrent revision and keeps the previous value after malformed input","status":"passed","title":"admits one concurrent revision and keeps the previous value after malformed input","duration":4.83229200000001,"failureMessages":[],"meta":{},"tags":[]},{"ancestorTitles":["company workflow templates on PostgreSQL"],"fullName":"company workflow templates on PostgreSQL enforces owner-only writes and company isolation in PostgreSQL RLS itself","status":"passed","title":"enforces owner-only writes and company isolation in PostgreSQL RLS itself","duration":10.156000000000006,"failureMessages":[],"meta":{},"tags":[]},{"ancestorTitles":["company workflow templates on PostgreSQL"],"fullName":"company workflow templates on PostgreSQL checks the additive template migration checksum","status":"passed","title":"checks the additive template migration checksum","duration":1.3934580000000096,"failureMessages":[],"meta":{},"tags":[]}],"startTime":1789965424536,"endTime":1789965424579.3936,"status":"passed","message":"","name":"/Users/yoda/projects/RealBud/server/company/workflow-template.integration.test.ts"},{"assertionResults":[{"ancestorTitles":[],"fullName":"native pack sample roundtrip","status":"passed","title":"native pack sample roundtrip","duration":1.6262919999999923,"failureMessages":[],"meta":{},"tags":[]},{"ancestorTitles":[],"fullName":"unsafe fields stripped, schedule disabled, no input mutation","status":"passed","title":"unsafe fields stripped, schedule disabled, no input mutation","duration":0.3002919999999989,"failureMessages":[],"meta":{},"tags":[]},{"ancestorTitles":[],"fullName":"rejects invalid schedule instead of disabling it","status":"passed","title":"rejects invalid schedule instead of disabling it","duration":0.1599170000000072,"failureMessages":[],"meta":{},"tags":[]},{"ancestorTitles":[],"fullName":"final invalid row rejects the snapshot","status":"passed","title":"final invalid row rejects the snapshot","duration":0.10254100000000221,"failureMessages":[],"meta":{},"tags":[]},{"ancestorTitles":[],"fullName":"duplicate ids, empty snapshot, bad version","status":"passed","title":"duplicate ids, empty snapshot, bad version","duration":0.20374999999999943,"failureMessages":[],"meta":{},"tags":[]},{"ancestorTitles":[],"fullName":"size bounds and nonserializable data","status":"passed","title":"size bounds and nonserializable data","duration":0.19299999999999784,"failureMessages":[],"meta":{},"tags":[]}],"startTime":1789965392655,"endTime":1789965392657.3003,"status":"passed","message":"","name":"/Users/yoda/projects/RealBud/server/company/workflow-template.test.ts"}]}