{"numTotalTestSuites":2,"numPassedTestSuites":2,"numFailedTestSuites":0,"numPendingTestSuites":0,"numTotalTests":11,"numPassedTests":11,"numFailedTests":0,"numPendingTests":0,"numTodoTests":0,"snapshot":{"added":0,"failure":false,"filesAdded":0,"filesRemoved":0,"filesRemovedList":[],"filesUnmatched":0,"filesUpdated":0,"matched":0,"total":0,"unchecked":0,"uncheckedKeysByFile":[],"unmatched":0,"updated":0,"didUpdate":false},"startTime":1789960796729,"success":true,"testResults":[{"assertionResults":[{"ancestorTitles":["fictional agency department workday over company TLS"],"fullName":"fictional agency department workday over company TLS shares a sourced office procedure with all five staff without granting edit authority","status":"passed","title":"shares a sourced office procedure with all five staff without granting edit authority","duration":56.62429199999997,"failureMessages":[],"meta":{},"tags":[]},{"ancestorTitles":["fictional agency department workday over company TLS"],"fullName":"fictional agency department workday over company TLS keeps each personal note private, including from the company owner","status":"passed","title":"keeps each personal note private, including from the company owner","duration":130.98129199999994,"failureMessages":[],"meta":{},"tags":[]},{"ancestorTitles":["fictional agency department workday over company TLS"],"fullName":"fictional agency department workday over company TLS allows an explicit accounts handover and read-only PM review, hiding it from leasing","status":"passed","title":"allows an explicit accounts handover and read-only PM review, hiding it from leasing","duration":29.423459000000094,"failureMessages":[],"meta":{},"tags":[]},{"ancestorTitles":["fictional agency department workday over company TLS"],"fullName":"fictional agency department workday over company TLS rejects a simultaneous stale edit and preserves both accepted versions with their sources","status":"passed","title":"rejects a simultaneous stale edit and preserves both accepted versions with their sources","duration":17.510874999999942,"failureMessages":[],"meta":{},"tags":[]},{"ancestorTitles":["fictional agency department workday over company TLS"],"fullName":"fictional agency department workday over company TLS gives one accountant the job, supports renewal and handover, and rejects stale or duplicate completion","status":"passed","title":"gives one accountant the job, supports renewal and handover, and rejects stale or duplicate completion","duration":63.95904200000018,"failureMessages":[],"meta":{},"tags":[]},{"ancestorTitles":["fictional agency department workday over company TLS"],"fullName":"fictional agency department workday over company TLS rejects forged authority and invalid lifecycle requests before they change work","status":"passed","title":"rejects forged authority and invalid lifecycle requests before they change work","duration":26.245124999999916,"failureMessages":[],"meta":{},"tags":[]},{"ancestorTitles":["fictional agency department workday over company TLS"],"fullName":"fictional agency department workday over company TLS removes department access immediately even with a warm session and an active claim","status":"passed","title":"removes department access immediately even with a warm session and an active claim","duration":31.58487500000001,"failureMessages":[],"meta":{},"tags":[]},{"ancestorTitles":["fictional agency department workday over company TLS"],"fullName":"fictional agency department workday over company TLS lets only the owner cancel an unused invitation and prevents its redemption","status":"passed","title":"lets only the owner cancel an unused invitation and prevents its redemption","duration":85.09445899999992,"failureMessages":[],"meta":{},"tags":[]},{"ancestorTitles":["fictional agency department workday over company TLS"],"fullName":"fictional agency department workday over company TLS offboards a staff member, revokes sign-in and holds their active job for recovery","status":"passed","title":"offboards a staff member, revokes sign-in and holds their active job for recovery","duration":86.344333,"failureMessages":[],"meta":{},"tags":[]},{"ancestorTitles":["fictional agency department workday over company TLS"],"fullName":"fictional agency department workday over company TLS holds an expired lease for review instead of automatically repeating its work","status":"passed","title":"holds an expired lease for review instead of automatically repeating its work","duration":200.790125,"failureMessages":[],"meta":{},"tags":[]},{"ancestorTitles":["fictional agency department workday over company TLS"],"fullName":"fictional agency department workday over company TLS reopens the host and every client, preserving company records, private records and offboarding","status":"passed","title":"reopens the host and every client, preserving company records, private records and offboarding","duration":504.087125,"failureMessages":[],"meta":{},"tags":[]}],"startTime":1789960798599,"endTime":1789960799832.0872,"status":"passed","message":"","name":"/Users/yoda/projects/RealBud/server/company-departments.integration.test.ts"}]}